{"C:\\Users\\DELL\\Documents\\Zenaura\\Backend\\Config\\test.config.js": {"path":"C:\\Users\\DELL\\Documents\\Zenaura\\Backend\\Config\\test.config.js","statementMap":{"0":{"start":{"line":1,"column":0},"end":{"line":5,"column":2}}},"fnMap":{},"branchMap":{},"s":{"0":2},"f":{},"b":{},"_coverageSchema":"1a1c01bbd47fc00a2c39e90264f33305004495a9","hash":"74aea7600e333d3def13e22da0a10731bcffcb75"}
,"C:\\Users\\DELL\\Documents\\Zenaura\\Backend\\Models\\personality-trait.model.js": {"path":"C:\\Users\\DELL\\Documents\\Zenaura\\Backend\\Models\\personality-trait.model.js","statementMap":{"0":{"start":{"line":1,"column":17},"end":{"line":1,"column":36}},"1":{"start":{"line":3,"column":31},"end":{"line":40,"column":24}},"2":{"start":{"line":43,"column":0},"end":{"line":48,"column":3}},"3":{"start":{"line":44,"column":4},"end":{"line":46,"column":5}},"4":{"start":{"line":45,"column":8},"end":{"line":45,"column":100}},"5":{"start":{"line":47,"column":4},"end":{"line":47,"column":11}},"6":{"start":{"line":51,"column":0},"end":{"line":57,"column":3}},"7":{"start":{"line":52,"column":4},"end":{"line":54,"column":5}},"8":{"start":{"line":53,"column":8},"end":{"line":53,"column":35}},"9":{"start":{"line":55,"column":4},"end":{"line":55,"column":41}},"10":{"start":{"line":56,"column":4},"end":{"line":56,"column":11}},"11":{"start":{"line":60,"column":0},"end":{"line":62,"column":2}},"12":{"start":{"line":61,"column":4},"end":{"line":61,"column":84}},"13":{"start":{"line":65,"column":0},"end":{"line":71,"column":2}},"14":{"start":{"line":66,"column":4},"end":{"line":69,"column":5}},"15":{"start":{"line":67,"column":8},"end":{"line":67,"column":41}},"16":{"start":{"line":68,"column":8},"end":{"line":68,"column":26}},"17":{"start":{"line":70,"column":4},"end":{"line":70,"column":16}},"18":{"start":{"line":74,"column":0},"end":{"line":76,"column":2}},"19":{"start":{"line":75,"column":4},"end":{"line":75,"column":64}},"20":{"start":{"line":78,"column":0},"end":{"line":78,"column":76}}},"fnMap":{"0":{"name":"(anonymous_0)","decl":{"start":{"line":43,"column":39},"end":{"line":43,"column":40}},"loc":{"start":{"line":43,"column":54},"end":{"line":48,"column":1}},"line":43},"1":{"name":"(anonymous_1)","decl":{"start":{"line":51,"column":35},"end":{"line":51,"column":36}},"loc":{"start":{"line":51,"column":50},"end":{"line":57,"column":1}},"line":51},"2":{"name":"(anonymous_2)","decl":{"start":{"line":60,"column":47},"end":{"line":60,"column":48}},"loc":{"start":{"line":60,"column":63},"end":{"line":62,"column":1}},"line":60},"3":{"name":"(anonymous_3)","decl":{"start":{"line":65,"column":49},"end":{"line":65,"column":50}},"loc":{"start":{"line":65,"column":73},"end":{"line":71,"column":1}},"line":65},"4":{"name":"(anonymous_4)","decl":{"start":{"line":74,"column":48},"end":{"line":74,"column":49}},"loc":{"start":{"line":74,"column":67},"end":{"line":76,"column":1}},"line":74}},"branchMap":{"0":{"loc":{"start":{"line":44,"column":4},"end":{"line":46,"column":5}},"type":"if","locations":[{"start":{"line":44,"column":4},"end":{"line":46,"column":5}},{"start":{},"end":{}}],"line":44},"1":{"loc":{"start":{"line":52,"column":4},"end":{"line":54,"column":5}},"type":"if","locations":[{"start":{"line":52,"column":4},"end":{"line":54,"column":5}},{"start":{},"end":{}}],"line":52},"2":{"loc":{"start":{"line":52,"column":8},"end":{"line":52,"column":40}},"type":"binary-expr","locations":[{"start":{"line":52,"column":8},"end":{"line":52,"column":25}},{"start":{"line":52,"column":29},"end":{"line":52,"column":40}}],"line":52},"3":{"loc":{"start":{"line":61,"column":11},"end":{"line":61,"column":83}},"type":"binary-expr","locations":[{"start":{"line":61,"column":11},"end":{"line":61,"column":45}},{"start":{"line":61,"column":49},"end":{"line":61,"column":83}}],"line":61},"4":{"loc":{"start":{"line":66,"column":4},"end":{"line":69,"column":5}},"type":"if","locations":[{"start":{"line":66,"column":4},"end":{"line":69,"column":5}},{"start":{},"end":{}}],"line":66}},"s":{"0":3,"1":3,"2":3,"3":25,"4":2,"5":25,"6":3,"7":21,"8":4,"9":21,"10":21,"11":3,"12":5,"13":3,"14":0,"15":0,"16":0,"17":0,"18":3,"19":0,"20":3},"f":{"0":25,"1":21,"2":5,"3":0,"4":0},"b":{"0":[2,23],"1":[4,17],"2":[21,21],"3":[5,4],"4":[0,0]},"_coverageSchema":"1a1c01bbd47fc00a2c39e90264f33305004495a9","hash":"4c9cb6c2d298d0fe010a5cff7cf14be371c07dc9"}
,"C:\\Users\\DELL\\Documents\\Zenaura\\Backend\\Models\\question.model.js": {"path":"C:\\Users\\DELL\\Documents\\Zenaura\\Backend\\Models\\question.model.js","statementMap":{"0":{"start":{"line":1,"column":17},"end":{"line":1,"column":36}},"1":{"start":{"line":3,"column":23},"end":{"line":131,"column":2}},"2":{"start":{"line":24,"column":8},"end":{"line":24,"column":82}},"3":{"start":{"line":30,"column":8},"end":{"line":30,"column":71}},"4":{"start":{"line":134,"column":0},"end":{"line":134,"column":38}},"5":{"start":{"line":135,"column":0},"end":{"line":135,"column":34}},"6":{"start":{"line":136,"column":0},"end":{"line":136,"column":51}},"7":{"start":{"line":137,"column":0},"end":{"line":137,"column":36}},"8":{"start":{"line":140,"column":0},"end":{"line":156,"column":2}},"9":{"start":{"line":142,"column":2},"end":{"line":155,"column":3}},"10":{"start":{"line":144,"column":6},"end":{"line":144,"column":60}},"11":{"start":{"line":144,"column":38},"end":{"line":144,"column":58}},"12":{"start":{"line":146,"column":6},"end":{"line":146,"column":58}},"13":{"start":{"line":148,"column":6},"end":{"line":148,"column":41}},"14":{"start":{"line":150,"column":6},"end":{"line":152,"column":88}},"15":{"start":{"line":154,"column":6},"end":{"line":154,"column":18}},"16":{"start":{"line":159,"column":0},"end":{"line":164,"column":3}},"17":{"start":{"line":160,"column":2},"end":{"line":162,"column":3}},"18":{"start":{"line":161,"column":4},"end":{"line":161,"column":31}},"19":{"start":{"line":163,"column":2},"end":{"line":163,"column":9}},"20":{"start":{"line":166,"column":17},"end":{"line":166,"column":59}},"21":{"start":{"line":168,"column":0},"end":{"line":168,"column":26}}},"fnMap":{"0":{"name":"(anonymous_0)","decl":{"start":{"line":23,"column":16},"end":{"line":23,"column":17}},"loc":{"start":{"line":23,"column":27},"end":{"line":25,"column":7}},"line":23},"1":{"name":"(anonymous_1)","decl":{"start":{"line":29,"column":16},"end":{"line":29,"column":17}},"loc":{"start":{"line":29,"column":27},"end":{"line":31,"column":7}},"line":29},"2":{"name":"(anonymous_2)","decl":{"start":{"line":140,"column":40},"end":{"line":140,"column":41}},"loc":{"start":{"line":140,"column":57},"end":{"line":156,"column":1}},"line":140},"3":{"name":"(anonymous_3)","decl":{"start":{"line":144,"column":31},"end":{"line":144,"column":32}},"loc":{"start":{"line":144,"column":38},"end":{"line":144,"column":58}},"line":144},"4":{"name":"(anonymous_4)","decl":{"start":{"line":159,"column":27},"end":{"line":159,"column":28}},"loc":{"start":{"line":159,"column":42},"end":{"line":164,"column":1}},"line":159}},"branchMap":{"0":{"loc":{"start":{"line":142,"column":2},"end":{"line":155,"column":3}},"type":"switch","locations":[{"start":{"line":143,"column":4},"end":{"line":144,"column":60}},{"start":{"line":145,"column":4},"end":{"line":146,"column":58}},{"start":{"line":147,"column":4},"end":{"line":148,"column":41}},{"start":{"line":149,"column":4},"end":{"line":152,"column":88}},{"start":{"line":153,"column":4},"end":{"line":154,"column":18}}],"line":142},"1":{"loc":{"start":{"line":146,"column":13},"end":{"line":146,"column":57}},"type":"binary-expr","locations":[{"start":{"line":146,"column":13},"end":{"line":146,"column":24}},{"start":{"line":146,"column":28},"end":{"line":146,"column":57}}],"line":146},"2":{"loc":{"start":{"line":150,"column":13},"end":{"line":152,"column":87}},"type":"binary-expr","locations":[{"start":{"line":150,"column":13},"end":{"line":150,"column":39}},{"start":{"line":151,"column":14},"end":{"line":151,"column":40}},{"start":{"line":151,"column":44},"end":{"line":151,"column":86}},{"start":{"line":152,"column":14},"end":{"line":152,"column":40}},{"start":{"line":152,"column":44},"end":{"line":152,"column":86}}],"line":150},"3":{"loc":{"start":{"line":160,"column":2},"end":{"line":162,"column":3}},"type":"if","locations":[{"start":{"line":160,"column":2},"end":{"line":162,"column":3}},{"start":{},"end":{}}],"line":160}},"s":{"0":1,"1":1,"2":21,"3":21,"4":1,"5":1,"6":1,"7":1,"8":1,"9":0,"10":0,"11":0,"12":0,"13":0,"14":0,"15":0,"16":1,"17":7,"18":7,"19":7,"20":1,"21":1},"f":{"0":21,"1":21,"2":0,"3":0,"4":7},"b":{"0":[0,0,0,0,0],"1":[0,0],"2":[0,0,0,0,0],"3":[7,0]},"_coverageSchema":"1a1c01bbd47fc00a2c39e90264f33305004495a9","hash":"e7db6f004d144b9e4ae300dedcf29f21224a97cc"}
,"C:\\Users\\DELL\\Documents\\Zenaura\\Backend\\Models\\test-category.model.js": {"path":"C:\\Users\\DELL\\Documents\\Zenaura\\Backend\\Models\\test-category.model.js","statementMap":{"0":{"start":{"line":1,"column":17},"end":{"line":1,"column":36}},"1":{"start":{"line":3,"column":27},"end":{"line":112,"column":2}},"2":{"start":{"line":115,"column":0},"end":{"line":115,"column":56}},"3":{"start":{"line":116,"column":0},"end":{"line":116,"column":48}},"4":{"start":{"line":117,"column":0},"end":{"line":117,"column":51}},"5":{"start":{"line":120,"column":0},"end":{"line":124,"column":3}},"6":{"start":{"line":127,"column":0},"end":{"line":129,"column":2}},"7":{"start":{"line":128,"column":2},"end":{"line":128,"column":62}},"8":{"start":{"line":131,"column":0},"end":{"line":145,"column":2}},"9":{"start":{"line":132,"column":13},"end":{"line":132,"column":24}},"10":{"start":{"line":133,"column":24},"end":{"line":133,"column":28}},"11":{"start":{"line":135,"column":2},"end":{"line":142,"column":3}},"12":{"start":{"line":136,"column":4},"end":{"line":136,"column":96}},"13":{"start":{"line":137,"column":4},"end":{"line":141,"column":5}},"14":{"start":{"line":138,"column":6},"end":{"line":138,"column":41}},"15":{"start":{"line":140,"column":6},"end":{"line":140,"column":12}},"16":{"start":{"line":144,"column":2},"end":{"line":144,"column":26}},"17":{"start":{"line":148,"column":0},"end":{"line":153,"column":3}},"18":{"start":{"line":149,"column":2},"end":{"line":151,"column":3}},"19":{"start":{"line":150,"column":4},"end":{"line":150,"column":31}},"20":{"start":{"line":152,"column":2},"end":{"line":152,"column":9}},"21":{"start":{"line":155,"column":21},"end":{"line":155,"column":71}},"22":{"start":{"line":157,"column":0},"end":{"line":157,"column":30}}},"fnMap":{"0":{"name":"(anonymous_0)","decl":{"start":{"line":127,"column":43},"end":{"line":127,"column":44}},"loc":{"start":{"line":127,"column":57},"end":{"line":129,"column":1}},"line":127},"1":{"name":"(anonymous_1)","decl":{"start":{"line":131,"column":41},"end":{"line":131,"column":42}},"loc":{"start":{"line":131,"column":58},"end":{"line":145,"column":1}},"line":131},"2":{"name":"(anonymous_2)","decl":{"start":{"line":148,"column":31},"end":{"line":148,"column":32}},"loc":{"start":{"line":148,"column":46},"end":{"line":153,"column":1}},"line":148}},"branchMap":{"0":{"loc":{"start":{"line":128,"column":9},"end":{"line":128,"column":61}},"type":"binary-expr","locations":[{"start":{"line":128,"column":9},"end":{"line":128,"column":33}},{"start":{"line":128,"column":37},"end":{"line":128,"column":61}}],"line":128},"1":{"loc":{"start":{"line":137,"column":4},"end":{"line":141,"column":5}},"type":"if","locations":[{"start":{"line":137,"column":4},"end":{"line":141,"column":5}},{"start":{"line":139,"column":11},"end":{"line":141,"column":5}}],"line":137},"2":{"loc":{"start":{"line":149,"column":2},"end":{"line":151,"column":3}},"type":"if","locations":[{"start":{"line":149,"column":2},"end":{"line":151,"column":3}},{"start":{},"end":{}}],"line":149}},"s":{"0":1,"1":1,"2":1,"3":1,"4":1,"5":1,"6":1,"7":0,"8":1,"9":0,"10":0,"11":0,"12":0,"13":0,"14":0,"15":0,"16":0,"17":1,"18":7,"19":7,"20":7,"21":1,"22":1},"f":{"0":0,"1":0,"2":7},"b":{"0":[0,0],"1":[0,0],"2":[7,0]},"_coverageSchema":"1a1c01bbd47fc00a2c39e90264f33305004495a9","hash":"a87594071e79f802d24e5d3c962a1647d437cbb7"}
,"C:\\Users\\DELL\\Documents\\Zenaura\\Backend\\Models\\test-scoring-algorithm.model.js": {"path":"C:\\Users\\DELL\\Documents\\Zenaura\\Backend\\Models\\test-scoring-algorithm.model.js","statementMap":{"0":{"start":{"line":1,"column":17},"end":{"line":1,"column":36}},"1":{"start":{"line":3,"column":35},"end":{"line":167,"column":2}},"2":{"start":{"line":91,"column":8},"end":{"line":91,"column":40}},"3":{"start":{"line":170,"column":0},"end":{"line":189,"column":2}},"4":{"start":{"line":171,"column":14},"end":{"line":171,"column":42}},"5":{"start":{"line":173,"column":2},"end":{"line":186,"column":3}},"6":{"start":{"line":175,"column":6},"end":{"line":175,"column":51}},"7":{"start":{"line":176,"column":6},"end":{"line":176,"column":12}},"8":{"start":{"line":178,"column":6},"end":{"line":178,"column":53}},"9":{"start":{"line":179,"column":6},"end":{"line":179,"column":12}},"10":{"start":{"line":181,"column":6},"end":{"line":181,"column":53}},"11":{"start":{"line":182,"column":6},"end":{"line":182,"column":12}},"12":{"start":{"line":184,"column":6},"end":{"line":184,"column":51}},"13":{"start":{"line":185,"column":6},"end":{"line":185,"column":12}},"14":{"start":{"line":188,"column":2},"end":{"line":188,"column":36}},"15":{"start":{"line":191,"column":0},"end":{"line":195,"column":2}},"16":{"start":{"line":192,"column":2},"end":{"line":194,"column":8}},"17":{"start":{"line":193,"column":4},"end":{"line":193,"column":87}},"18":{"start":{"line":197,"column":0},"end":{"line":208,"column":2}},"19":{"start":{"line":198,"column":2},"end":{"line":207,"column":3}},"20":{"start":{"line":200,"column":6},"end":{"line":200,"column":41}},"21":{"start":{"line":202,"column":6},"end":{"line":202,"column":45}},"22":{"start":{"line":204,"column":6},"end":{"line":204,"column":54}},"23":{"start":{"line":206,"column":6},"end":{"line":206,"column":19}},"24":{"start":{"line":210,"column":0},"end":{"line":216,"column":2}},"25":{"start":{"line":211,"column":38},"end":{"line":211,"column":81}},"26":{"start":{"line":212,"column":2},"end":{"line":214,"column":3}},"27":{"start":{"line":213,"column":4},"end":{"line":213,"column":17}},"28":{"start":{"line":215,"column":2},"end":{"line":215,"column":44}},"29":{"start":{"line":218,"column":0},"end":{"line":229,"column":2}},"30":{"start":{"line":220,"column":46},"end":{"line":220,"column":61}},"31":{"start":{"line":221,"column":2},"end":{"line":223,"column":3}},"32":{"start":{"line":222,"column":4},"end":{"line":222,"column":17}},"33":{"start":{"line":226,"column":12},"end":{"line":226,"column":54}},"34":{"start":{"line":227,"column":21},"end":{"line":227,"column":59}},"35":{"start":{"line":228,"column":2},"end":{"line":228,"column":26}},"36":{"start":{"line":231,"column":0},"end":{"line":245,"column":2}},"37":{"start":{"line":232,"column":28},"end":{"line":232,"column":71}},"38":{"start":{"line":233,"column":2},"end":{"line":235,"column":3}},"39":{"start":{"line":234,"column":4},"end":{"line":234,"column":17}},"40":{"start":{"line":237,"column":2},"end":{"line":244,"column":3}},"41":{"start":{"line":239,"column":20},"end":{"line":239,"column":58}},"42":{"start":{"line":240,"column":4},"end":{"line":240,"column":25}},"43":{"start":{"line":242,"column":4},"end":{"line":242,"column":59}},"44":{"start":{"line":243,"column":4},"end":{"line":243,"column":17}},"45":{"start":{"line":248,"column":0},"end":{"line":264,"column":2}},"46":{"start":{"line":250,"column":15},"end":{"line":250,"column":30}},"47":{"start":{"line":251,"column":2},"end":{"line":251,"column":18}},"48":{"start":{"line":253,"column":13},"end":{"line":253,"column":24}},"49":{"start":{"line":254,"column":13},"end":{"line":254,"column":25}},"50":{"start":{"line":255,"column":13},"end":{"line":255,"column":24}},"51":{"start":{"line":256,"column":13},"end":{"line":256,"column":25}},"52":{"start":{"line":257,"column":13},"end":{"line":257,"column":24}},"53":{"start":{"line":258,"column":12},"end":{"line":258,"column":21}},"54":{"start":{"line":260,"column":12},"end":{"line":260,"column":31}},"55":{"start":{"line":261,"column":12},"end":{"line":261,"column":89}},"56":{"start":{"line":263,"column":2},"end":{"line":263,"column":18}},"57":{"start":{"line":267,"column":0},"end":{"line":272,"column":3}},"58":{"start":{"line":268,"column":2},"end":{"line":270,"column":3}},"59":{"start":{"line":269,"column":4},"end":{"line":269,"column":31}},"60":{"start":{"line":271,"column":2},"end":{"line":271,"column":9}},"61":{"start":{"line":275,"column":29},"end":{"line":275,"column":135}},"62":{"start":{"line":277,"column":0},"end":{"line":277,"column":38}}},"fnMap":{"0":{"name":"(anonymous_0)","decl":{"start":{"line":90,"column":16},"end":{"line":90,"column":17}},"loc":{"start":{"line":90,"column":27},"end":{"line":92,"column":7}},"line":90},"1":{"name":"(anonymous_1)","decl":{"start":{"line":170,"column":52},"end":{"line":170,"column":53}},"loc":{"start":{"line":170,"column":72},"end":{"line":189,"column":1}},"line":170},"2":{"name":"(anonymous_2)","decl":{"start":{"line":191,"column":58},"end":{"line":191,"column":59}},"loc":{"start":{"line":191,"column":78},"end":{"line":195,"column":1}},"line":191},"3":{"name":"(anonymous_3)","decl":{"start":{"line":192,"column":26},"end":{"line":192,"column":27}},"loc":{"start":{"line":192,"column":47},"end":{"line":194,"column":3}},"line":192},"4":{"name":"(anonymous_4)","decl":{"start":{"line":197,"column":52},"end":{"line":197,"column":53}},"loc":{"start":{"line":197,"column":68},"end":{"line":208,"column":1}},"line":197},"5":{"name":"(anonymous_5)","decl":{"start":{"line":210,"column":53},"end":{"line":210,"column":54}},"loc":{"start":{"line":210,"column":69},"end":{"line":216,"column":1}},"line":210},"6":{"name":"(anonymous_6)","decl":{"start":{"line":218,"column":57},"end":{"line":218,"column":58}},"loc":{"start":{"line":218,"column":73},"end":{"line":229,"column":1}},"line":218},"7":{"name":"(anonymous_7)","decl":{"start":{"line":231,"column":66},"end":{"line":231,"column":67}},"loc":{"start":{"line":231,"column":82},"end":{"line":245,"column":1}},"line":231},"8":{"name":"(anonymous_8)","decl":{"start":{"line":248,"column":41},"end":{"line":248,"column":42}},"loc":{"start":{"line":248,"column":53},"end":{"line":264,"column":1}},"line":248},"9":{"name":"(anonymous_9)","decl":{"start":{"line":267,"column":39},"end":{"line":267,"column":40}},"loc":{"start":{"line":267,"column":54},"end":{"line":272,"column":1}},"line":267}},"branchMap":{"0":{"loc":{"start":{"line":173,"column":2},"end":{"line":186,"column":3}},"type":"switch","locations":[{"start":{"line":174,"column":4},"end":{"line":176,"column":12}},{"start":{"line":177,"column":4},"end":{"line":179,"column":12}},{"start":{"line":180,"column":4},"end":{"line":182,"column":12}},{"start":{"line":183,"column":4},"end":{"line":185,"column":12}}],"line":173},"1":{"loc":{"start":{"line":193,"column":20},"end":{"line":193,"column":85}},"type":"cond-expr","locations":[{"start":{"line":193,"column":41},"end":{"line":193,"column":81}},{"start":{"line":193,"column":84},"end":{"line":193,"column":85}}],"line":193},"2":{"loc":{"start":{"line":198,"column":2},"end":{"line":207,"column":3}},"type":"switch","locations":[{"start":{"line":199,"column":4},"end":{"line":200,"column":41}},{"start":{"line":201,"column":4},"end":{"line":202,"column":45}},{"start":{"line":203,"column":4},"end":{"line":204,"column":54}},{"start":{"line":205,"column":4},"end":{"line":206,"column":19}}],"line":198},"3":{"loc":{"start":{"line":212,"column":2},"end":{"line":214,"column":3}},"type":"if","locations":[{"start":{"line":212,"column":2},"end":{"line":214,"column":3}},{"start":{},"end":{}}],"line":212},"4":{"loc":{"start":{"line":212,"column":6},"end":{"line":212,"column":33}},"type":"binary-expr","locations":[{"start":{"line":212,"column":6},"end":{"line":212,"column":11}},{"start":{"line":212,"column":15},"end":{"line":212,"column":33}}],"line":212},"5":{"loc":{"start":{"line":221,"column":2},"end":{"line":223,"column":3}},"type":"if","locations":[{"start":{"line":221,"column":2},"end":{"line":223,"column":3}},{"start":{},"end":{}}],"line":221},"6":{"loc":{"start":{"line":221,"column":6},"end":{"line":221,"column":41}},"type":"binary-expr","locations":[{"start":{"line":221,"column":6},"end":{"line":221,"column":19}},{"start":{"line":221,"column":23},"end":{"line":221,"column":41}}],"line":221},"7":{"loc":{"start":{"line":233,"column":2},"end":{"line":235,"column":3}},"type":"if","locations":[{"start":{"line":233,"column":2},"end":{"line":235,"column":3}},{"start":{},"end":{}}],"line":233},"8":{"loc":{"start":{"line":250,"column":15},"end":{"line":250,"column":30}},"type":"cond-expr","locations":[{"start":{"line":250,"column":24},"end":{"line":250,"column":25}},{"start":{"line":250,"column":28},"end":{"line":250,"column":30}}],"line":250},"9":{"loc":{"start":{"line":268,"column":2},"end":{"line":270,"column":3}},"type":"if","locations":[{"start":{"line":268,"column":2},"end":{"line":270,"column":3}},{"start":{},"end":{}}],"line":268},"10":{"loc":{"start":{"line":275,"column":29},"end":{"line":275,"column":135}},"type":"binary-expr","locations":[{"start":{"line":275,"column":29},"end":{"line":275,"column":65}},{"start":{"line":275,"column":69},"end":{"line":275,"column":135}}],"line":275}},"s":{"0":2,"1":2,"2":0,"3":2,"4":0,"5":0,"6":0,"7":0,"8":0,"9":0,"10":0,"11":0,"12":0,"13":0,"14":0,"15":2,"16":0,"17":0,"18":2,"19":0,"20":0,"21":0,"22":0,"23":0,"24":2,"25":0,"26":0,"27":0,"28":0,"29":2,"30":0,"31":0,"32":0,"33":0,"34":0,"35":0,"36":2,"37":0,"38":0,"39":0,"40":0,"41":0,"42":0,"43":0,"44":0,"45":2,"46":0,"47":0,"48":0,"49":0,"50":0,"51":0,"52":0,"53":0,"54":0,"55":0,"56":0,"57":2,"58":7,"59":7,"60":7,"61":2,"62":2},"f":{"0":0,"1":0,"2":0,"3":0,"4":0,"5":0,"6":0,"7":0,"8":0,"9":7},"b":{"0":[0,0,0,0],"1":[0,0],"2":[0,0,0,0],"3":[0,0],"4":[0,0],"5":[0,0],"6":[0,0],"7":[0,0],"8":[0,0],"9":[7,0],"10":[2,2]},"_coverageSchema":"1a1c01bbd47fc00a2c39e90264f33305004495a9","hash":"14a93b344f3c159a637299a1d8dc1201cdbbf582"}
,"C:\\Users\\DELL\\Documents\\Zenaura\\Backend\\Models\\test.model.js": {"path":"C:\\Users\\DELL\\Documents\\Zenaura\\Backend\\Models\\test.model.js","statementMap":{"0":{"start":{"line":1,"column":17},"end":{"line":1,"column":36}},"1":{"start":{"line":2,"column":25},"end":{"line":2,"column":56}},"2":{"start":{"line":4,"column":19},"end":{"line":161,"column":2}},"3":{"start":{"line":163,"column":0},"end":{"line":163,"column":36}},"4":{"start":{"line":166,"column":0},"end":{"line":171,"column":3}},"5":{"start":{"line":167,"column":2},"end":{"line":169,"column":3}},"6":{"start":{"line":168,"column":4},"end":{"line":168,"column":100}},"7":{"start":{"line":170,"column":2},"end":{"line":170,"column":9}},"8":{"start":{"line":174,"column":0},"end":{"line":179,"column":3}},"9":{"start":{"line":175,"column":2},"end":{"line":177,"column":3}},"10":{"start":{"line":176,"column":4},"end":{"line":176,"column":31}},"11":{"start":{"line":178,"column":2},"end":{"line":178,"column":9}},"12":{"start":{"line":182,"column":0},"end":{"line":197,"column":2}},"13":{"start":{"line":183,"column":22},"end":{"line":183,"column":51}},"14":{"start":{"line":185,"column":2},"end":{"line":195,"column":3}},"15":{"start":{"line":186,"column":20},"end":{"line":190,"column":27}},"16":{"start":{"line":192,"column":4},"end":{"line":194,"column":5}},"17":{"start":{"line":193,"column":6},"end":{"line":193,"column":19}},"18":{"start":{"line":196,"column":2},"end":{"line":196,"column":14}},"19":{"start":{"line":200,"column":0},"end":{"line":225,"column":2}},"20":{"start":{"line":202,"column":19},"end":{"line":202,"column":45}},"21":{"start":{"line":203,"column":20},"end":{"line":203,"column":73}},"22":{"start":{"line":204,"column":2},"end":{"line":206,"column":3}},"23":{"start":{"line":205,"column":4},"end":{"line":205,"column":51}},"24":{"start":{"line":209,"column":31},"end":{"line":209,"column":69}},"25":{"start":{"line":210,"column":20},"end":{"line":210,"column":78}},"26":{"start":{"line":211,"column":2},"end":{"line":213,"column":3}},"27":{"start":{"line":212,"column":4},"end":{"line":212,"column":56}},"28":{"start":{"line":216,"column":27},"end":{"line":216,"column":61}},"29":{"start":{"line":217,"column":2},"end":{"line":222,"column":3}},"30":{"start":{"line":218,"column":18},"end":{"line":218,"column":63}},"31":{"start":{"line":219,"column":4},"end":{"line":221,"column":5}},"32":{"start":{"line":220,"column":6},"end":{"line":220,"column":69}},"33":{"start":{"line":224,"column":2},"end":{"line":224,"column":14}},"34":{"start":{"line":228,"column":0},"end":{"line":233,"column":2}},"35":{"start":{"line":229,"column":2},"end":{"line":232,"column":26}},"36":{"start":{"line":235,"column":13},"end":{"line":235,"column":47}},"37":{"start":{"line":237,"column":0},"end":{"line":237,"column":22}}},"fnMap":{"0":{"name":"(anonymous_0)","decl":{"start":{"line":166,"column":27},"end":{"line":166,"column":28}},"loc":{"start":{"line":166,"column":42},"end":{"line":171,"column":1}},"line":166},"1":{"name":"(anonymous_1)","decl":{"start":{"line":174,"column":23},"end":{"line":174,"column":24}},"loc":{"start":{"line":174,"column":38},"end":{"line":179,"column":1}},"line":174},"2":{"name":"(anonymous_2)","decl":{"start":{"line":182,"column":40},"end":{"line":182,"column":41}},"loc":{"start":{"line":182,"column":68},"end":{"line":197,"column":1}},"line":182},"3":{"name":"(anonymous_3)","decl":{"start":{"line":200,"column":30},"end":{"line":200,"column":31}},"loc":{"start":{"line":200,"column":47},"end":{"line":225,"column":1}},"line":200},"4":{"name":"(anonymous_4)","decl":{"start":{"line":228,"column":42},"end":{"line":228,"column":43}},"loc":{"start":{"line":228,"column":63},"end":{"line":233,"column":1}},"line":228}},"branchMap":{"0":{"loc":{"start":{"line":167,"column":2},"end":{"line":169,"column":3}},"type":"if","locations":[{"start":{"line":167,"column":2},"end":{"line":169,"column":3}},{"start":{},"end":{}}],"line":167},"1":{"loc":{"start":{"line":175,"column":2},"end":{"line":177,"column":3}},"type":"if","locations":[{"start":{"line":175,"column":2},"end":{"line":177,"column":3}},{"start":{},"end":{}}],"line":175},"2":{"loc":{"start":{"line":192,"column":4},"end":{"line":194,"column":5}},"type":"if","locations":[{"start":{"line":192,"column":4},"end":{"line":194,"column":5}},{"start":{},"end":{}}],"line":192},"3":{"loc":{"start":{"line":192,"column":8},"end":{"line":192,"column":55}},"type":"binary-expr","locations":[{"start":{"line":192,"column":8},"end":{"line":192,"column":16}},{"start":{"line":192,"column":20},"end":{"line":192,"column":55}}],"line":192},"4":{"loc":{"start":{"line":204,"column":2},"end":{"line":206,"column":3}},"type":"if","locations":[{"start":{"line":204,"column":2},"end":{"line":206,"column":3}},{"start":{},"end":{}}],"line":204},"5":{"loc":{"start":{"line":211,"column":2},"end":{"line":213,"column":3}},"type":"if","locations":[{"start":{"line":211,"column":2},"end":{"line":213,"column":3}},{"start":{},"end":{}}],"line":211},"6":{"loc":{"start":{"line":219,"column":4},"end":{"line":221,"column":5}},"type":"if","locations":[{"start":{"line":219,"column":4},"end":{"line":221,"column":5}},{"start":{},"end":{}}],"line":219}},"s":{"0":1,"1":1,"2":1,"3":1,"4":1,"5":8,"6":0,"7":8,"8":1,"9":6,"10":6,"11":6,"12":1,"13":0,"14":0,"15":0,"16":0,"17":0,"18":0,"19":1,"20":1,"21":1,"22":1,"23":0,"24":1,"25":1,"26":1,"27":0,"28":1,"29":1,"30":0,"31":0,"32":0,"33":1,"34":1,"35":1,"36":1,"37":1},"f":{"0":8,"1":6,"2":0,"3":1,"4":1},"b":{"0":[0,8],"1":[6,0],"2":[0,0],"3":[0,0],"4":[0,1],"5":[0,1],"6":[0,0]},"_coverageSchema":"1a1c01bbd47fc00a2c39e90264f33305004495a9","hash":"8c2dca5845d21c2041e75f24118c38fbc294138b"}
,"C:\\Users\\DELL\\Documents\\Zenaura\\Backend\\tests\\setup.js": {"path":"C:\\Users\\DELL\\Documents\\Zenaura\\Backend\\tests\\setup.js","statementMap":{"0":{"start":{"line":1,"column":17},"end":{"line":1,"column":36}},"1":{"start":{"line":2,"column":30},"end":{"line":2,"column":62}},"2":{"start":{"line":7,"column":0},"end":{"line":7,"column":23}},"3":{"start":{"line":10,"column":0},"end":{"line":19,"column":3}},"4":{"start":{"line":12,"column":2},"end":{"line":14,"column":3}},"5":{"start":{"line":13,"column":4},"end":{"line":13,"column":32}},"6":{"start":{"line":16,"column":2},"end":{"line":16,"column":44}},"7":{"start":{"line":17,"column":14},"end":{"line":17,"column":29}},"8":{"start":{"line":18,"column":2},"end":{"line":18,"column":30}},"9":{"start":{"line":22,"column":0},"end":{"line":30,"column":3}},"10":{"start":{"line":23,"column":2},"end":{"line":26,"column":3}},"11":{"start":{"line":24,"column":4},"end":{"line":24,"column":45}},"12":{"start":{"line":25,"column":4},"end":{"line":25,"column":38}},"13":{"start":{"line":27,"column":2},"end":{"line":29,"column":3}},"14":{"start":{"line":28,"column":4},"end":{"line":28,"column":24}},"15":{"start":{"line":33,"column":0},"end":{"line":40,"column":3}},"16":{"start":{"line":34,"column":2},"end":{"line":39,"column":3}},"17":{"start":{"line":35,"column":24},"end":{"line":35,"column":55}},"18":{"start":{"line":36,"column":4},"end":{"line":38,"column":5}},"19":{"start":{"line":37,"column":6},"end":{"line":37,"column":42}},"20":{"start":{"line":42,"column":0},"end":{"line":42,"column":38}}},"fnMap":{"0":{"name":"(anonymous_0)","decl":{"start":{"line":10,"column":10},"end":{"line":10,"column":11}},"loc":{"start":{"line":10,"column":22},"end":{"line":19,"column":1}},"line":10},"1":{"name":"(anonymous_1)","decl":{"start":{"line":22,"column":9},"end":{"line":22,"column":10}},"loc":{"start":{"line":22,"column":21},"end":{"line":30,"column":1}},"line":22},"2":{"name":"(anonymous_2)","decl":{"start":{"line":33,"column":10},"end":{"line":33,"column":11}},"loc":{"start":{"line":33,"column":22},"end":{"line":40,"column":1}},"line":33}},"branchMap":{"0":{"loc":{"start":{"line":12,"column":2},"end":{"line":14,"column":3}},"type":"if","locations":[{"start":{"line":12,"column":2},"end":{"line":14,"column":3}},{"start":{},"end":{}}],"line":12},"1":{"loc":{"start":{"line":23,"column":2},"end":{"line":26,"column":3}},"type":"if","locations":[{"start":{"line":23,"column":2},"end":{"line":26,"column":3}},{"start":{},"end":{}}],"line":23},"2":{"loc":{"start":{"line":27,"column":2},"end":{"line":29,"column":3}},"type":"if","locations":[{"start":{"line":27,"column":2},"end":{"line":29,"column":3}},{"start":{},"end":{}}],"line":27},"3":{"loc":{"start":{"line":34,"column":2},"end":{"line":39,"column":3}},"type":"if","locations":[{"start":{"line":34,"column":2},"end":{"line":39,"column":3}},{"start":{},"end":{}}],"line":34}},"s":{"0":1,"1":1,"2":1,"3":1,"4":1,"5":1,"6":1,"7":1,"8":1,"9":1,"10":1,"11":0,"12":0,"13":1,"14":1,"15":1,"16":6,"17":6,"18":6,"19":6,"20":1},"f":{"0":1,"1":1,"2":6},"b":{"0":[1,0],"1":[0,1],"2":[1,0],"3":[6,0]},"_coverageSchema":"1a1c01bbd47fc00a2c39e90264f33305004495a9","hash":"459790a045c67f952d89e266373dd07e28832802"}
,"C:\\Users\\DELL\\Documents\\Zenaura\\Backend\\tests\\test-helpers.js": {"path":"C:\\Users\\DELL\\Documents\\Zenaura\\Backend\\tests\\test-helpers.js","statementMap":{"0":{"start":{"line":1,"column":12},"end":{"line":1,"column":35}},"1":{"start":{"line":2,"column":17},"end":{"line":2,"column":36}},"2":{"start":{"line":3,"column":15},"end":{"line":3,"column":47}},"3":{"start":{"line":5,"column":22},"end":{"line":15,"column":1}},"4":{"start":{"line":6,"column":2},"end":{"line":14,"column":4}},"5":{"start":{"line":17,"column":26},"end":{"line":34,"column":1}},"6":{"start":{"line":36,"column":22},"end":{"line":66,"column":1}},"7":{"start":{"line":68,"column":34},"end":{"line":94,"column":1}},"8":{"start":{"line":96,"column":23},"end":{"line":108,"column":1}},"9":{"start":{"line":110,"column":25},"end":{"line":120,"column":1}},"10":{"start":{"line":122,"column":0},"end":{"line":129,"column":2}}},"fnMap":{"0":{"name":"(anonymous_0)","decl":{"start":{"line":5,"column":22},"end":{"line":5,"column":23}},"loc":{"start":{"line":5,"column":35},"end":{"line":15,"column":1}},"line":5}},"branchMap":{"0":{"loc":{"start":{"line":10,"column":13},"end":{"line":10,"column":74}},"type":"cond-expr","locations":[{"start":{"line":10,"column":40},"end":{"line":10,"column":56}},{"start":{"line":10,"column":59},"end":{"line":10,"column":74}}],"line":10},"1":{"loc":{"start":{"line":12,"column":4},"end":{"line":12,"column":42}},"type":"binary-expr","locations":[{"start":{"line":12,"column":4},"end":{"line":12,"column":21}},{"start":{"line":12,"column":25},"end":{"line":12,"column":42}}],"line":12}},"s":{"0":2,"1":2,"2":2,"3":2,"4":0,"5":2,"6":2,"7":2,"8":2,"9":2,"10":2},"f":{"0":0},"b":{"0":[0,0],"1":[0,0]},"_coverageSchema":"1a1c01bbd47fc00a2c39e90264f33305004495a9","hash":"1059b0c52e4a4383f98012cfd468409255d29ba2"}
}
