{"C:\\Users\\DELL\\Zenaura\\server\\app.js": {"path":"C:\\Users\\DELL\\Zenaura\\server\\app.js","statementMap":{"0":{"start":{"line":1,"column":16},"end":{"line":1,"column":34}},"1":{"start":{"line":2,"column":13},"end":{"line":2,"column":28}},"2":{"start":{"line":3,"column":19},"end":{"line":3,"column":41}},"3":{"start":{"line":4,"column":29},"end":{"line":4,"column":74}},"4":{"start":{"line":7,"column":12},"end":{"line":7,"column":21}},"5":{"start":{"line":10,"column":0},"end":{"line":10,"column":16}},"6":{"start":{"line":11,"column":0},"end":{"line":11,"column":27}},"7":{"start":{"line":12,"column":0},"end":{"line":12,"column":51}},"8":{"start":{"line":15,"column":31},"end":{"line":15,"column":75}},"9":{"start":{"line":16,"column":0},"end":{"line":16,"column":59}},"10":{"start":{"line":19,"column":0},"end":{"line":23,"column":3}},"11":{"start":{"line":20,"column":2},"end":{"line":22,"column":5}},"12":{"start":{"line":26,"column":0},"end":{"line":30,"column":3}},"13":{"start":{"line":27,"column":2},"end":{"line":29,"column":5}},"14":{"start":{"line":33,"column":0},"end":{"line":38,"column":3}},"15":{"start":{"line":34,"column":2},"end":{"line":36,"column":3}},"16":{"start":{"line":35,"column":4},"end":{"line":35,"column":56}},"17":{"start":{"line":37,"column":2},"end":{"line":37,"column":12}},"18":{"start":{"line":40,"column":0},"end":{"line":40,"column":50}},"19":{"start":{"line":41,"column":0},"end":{"line":41,"column":43}},"20":{"start":{"line":43,"column":0},"end":{"line":43,"column":21}}},"fnMap":{"0":{"name":"(anonymous_0)","decl":{"start":{"line":19,"column":13},"end":{"line":19,"column":14}},"loc":{"start":{"line":19,"column":27},"end":{"line":23,"column":1}},"line":19},"1":{"name":"(anonymous_1)","decl":{"start":{"line":26,"column":8},"end":{"line":26,"column":9}},"loc":{"start":{"line":26,"column":22},"end":{"line":30,"column":1}},"line":26},"2":{"name":"(anonymous_2)","decl":{"start":{"line":33,"column":8},"end":{"line":33,"column":9}},"loc":{"start":{"line":33,"column":33},"end":{"line":38,"column":1}},"line":33}},"branchMap":{"0":{"loc":{"start":{"line":34,"column":2},"end":{"line":36,"column":3}},"type":"if","locations":[{"start":{"line":34,"column":2},"end":{"line":36,"column":3}},{"start":{},"end":{}}],"line":34},"1":{"loc":{"start":{"line":34,"column":6},"end":{"line":34,"column":71}},"type":"binary-expr","locations":[{"start":{"line":34,"column":6},"end":{"line":34,"column":32}},{"start":{"line":34,"column":36},"end":{"line":34,"column":54}},{"start":{"line":34,"column":58},"end":{"line":34,"column":71}}],"line":34}},"s":{"0":3,"1":3,"2":3,"3":3,"4":3,"5":3,"6":3,"7":3,"8":3,"9":3,"10":3,"11":1,"12":3,"13":1,"14":3,"15":2,"16":1,"17":1,"18":3,"19":3,"20":3},"f":{"0":1,"1":1,"2":2},"b":{"0":[1,1],"1":[2,1,1]},"_coverageSchema":"1a1c01bbd47fc00a2c39e90264f33305004495a9","hash":"291b357df9cd58981f1ed04f2af5eee2aa7d6949"}
,"C:\\Users\\DELL\\Zenaura\\server\\config\\config.js": {"path":"C:\\Users\\DELL\\Zenaura\\server\\config\\config.js","statementMap":{"0":{"start":{"line":1,"column":0},"end":{"line":1,"column":27}},"1":{"start":{"line":3,"column":15},"end":{"line":31,"column":1}},"2":{"start":{"line":33,"column":0},"end":{"line":33,"column":24}}},"fnMap":{},"branchMap":{"0":{"loc":{"start":{"line":5,"column":10},"end":{"line":5,"column":34}},"type":"binary-expr","locations":[{"start":{"line":5,"column":10},"end":{"line":5,"column":26}},{"start":{"line":5,"column":30},"end":{"line":5,"column":34}}],"line":5},"1":{"loc":{"start":{"line":6,"column":14},"end":{"line":6,"column":51}},"type":"binary-expr","locations":[{"start":{"line":6,"column":14},"end":{"line":6,"column":34}},{"start":{"line":6,"column":38},"end":{"line":6,"column":51}}],"line":6},"2":{"loc":{"start":{"line":9,"column":17},"end":{"line":9,"column":79}},"type":"binary-expr","locations":[{"start":{"line":9,"column":17},"end":{"line":9,"column":40}},{"start":{"line":9,"column":44},"end":{"line":9,"column":79}}],"line":9},"3":{"loc":{"start":{"line":12,"column":16},"end":{"line":12,"column":77}},"type":"binary-expr","locations":[{"start":{"line":12,"column":16},"end":{"line":12,"column":38}},{"start":{"line":12,"column":42},"end":{"line":12,"column":77}}],"line":12},"4":{"loc":{"start":{"line":13,"column":16},"end":{"line":13,"column":47}},"type":"binary-expr","locations":[{"start":{"line":13,"column":16},"end":{"line":13,"column":38}},{"start":{"line":13,"column":42},"end":{"line":13,"column":47}}],"line":13},"5":{"loc":{"start":{"line":16,"column":17},"end":{"line":16,"column":48}},"type":"binary-expr","locations":[{"start":{"line":16,"column":17},"end":{"line":16,"column":40}},{"start":{"line":16,"column":44},"end":{"line":16,"column":48}}],"line":16},"6":{"loc":{"start":{"line":17,"column":16},"end":{"line":17,"column":48}},"type":"binary-expr","locations":[{"start":{"line":17,"column":16},"end":{"line":17,"column":38}},{"start":{"line":17,"column":42},"end":{"line":17,"column":48}}],"line":17},"7":{"loc":{"start":{"line":20,"column":17},"end":{"line":20,"column":47}},"type":"binary-expr","locations":[{"start":{"line":20,"column":17},"end":{"line":20,"column":40}},{"start":{"line":20,"column":44},"end":{"line":20,"column":47}}],"line":20},"8":{"loc":{"start":{"line":23,"column":23},"end":{"line":23,"column":70}},"type":"binary-expr","locations":[{"start":{"line":23,"column":23},"end":{"line":23,"column":52}},{"start":{"line":23,"column":56},"end":{"line":23,"column":70}}],"line":23},"9":{"loc":{"start":{"line":24,"column":20},"end":{"line":24,"column":53}},"type":"binary-expr","locations":[{"start":{"line":24,"column":20},"end":{"line":24,"column":46}},{"start":{"line":24,"column":50},"end":{"line":24,"column":53}}],"line":24},"10":{"loc":{"start":{"line":27,"column":15},"end":{"line":27,"column":46}},"type":"binary-expr","locations":[{"start":{"line":27,"column":15},"end":{"line":27,"column":36}},{"start":{"line":27,"column":40},"end":{"line":27,"column":46}}],"line":27},"11":{"loc":{"start":{"line":30,"column":24},"end":{"line":30,"column":70}},"type":"binary-expr","locations":[{"start":{"line":30,"column":24},"end":{"line":30,"column":64}},{"start":{"line":30,"column":68},"end":{"line":30,"column":70}}],"line":30}},"s":{"0":3,"1":3,"2":3},"f":{},"b":{"0":[3,0],"1":[3,0],"2":[3,0],"3":[3,0],"4":[3,0],"5":[3,0],"6":[3,0],"7":[3,0],"8":[3,0],"9":[3,0],"10":[3,0],"11":[3,0]},"_coverageSchema":"1a1c01bbd47fc00a2c39e90264f33305004495a9","hash":"c91311c601a3127a6cd483682b8681e995e819a3"}
,"C:\\Users\\DELL\\Zenaura\\server\\controllers\\base.controller.js": {"path":"C:\\Users\\DELL\\Zenaura\\server\\controllers\\base.controller.js","statementMap":{"0":{"start":{"line":3,"column":4},"end":{"line":3,"column":23}},"1":{"start":{"line":7,"column":11},"end":{"line":21,"column":3}},"2":{"start":{"line":8,"column":4},"end":{"line":20,"column":5}},"3":{"start":{"line":9,"column":18},"end":{"line":15,"column":8}},"4":{"start":{"line":17,"column":6},"end":{"line":17,"column":32}},"5":{"start":{"line":19,"column":6},"end":{"line":19,"column":18}},"6":{"start":{"line":24,"column":11},"end":{"line":60,"column":3}},"7":{"start":{"line":25,"column":4},"end":{"line":59,"column":5}},"8":{"start":{"line":26,"column":19},"end":{"line":26,"column":52}},"9":{"start":{"line":27,"column":20},"end":{"line":27,"column":55}},"10":{"start":{"line":28,"column":19},"end":{"line":28,"column":37}},"11":{"start":{"line":31,"column":18},"end":{"line":31,"column":60}},"12":{"start":{"line":34,"column":6},"end":{"line":36,"column":7}},"13":{"start":{"line":35,"column":8},"end":{"line":35,"column":44}},"14":{"start":{"line":39,"column":28},"end":{"line":46,"column":8}},"15":{"start":{"line":48,"column":6},"end":{"line":56,"column":9}},"16":{"start":{"line":58,"column":6},"end":{"line":58,"column":18}},"17":{"start":{"line":63,"column":11},"end":{"line":77,"column":3}},"18":{"start":{"line":64,"column":4},"end":{"line":76,"column":5}},"19":{"start":{"line":65,"column":18},"end":{"line":65,"column":58}},"20":{"start":{"line":67,"column":6},"end":{"line":71,"column":7}},"21":{"start":{"line":68,"column":8},"end":{"line":70,"column":11}},"22":{"start":{"line":73,"column":6},"end":{"line":73,"column":32}},"23":{"start":{"line":75,"column":6},"end":{"line":75,"column":18}},"24":{"start":{"line":80,"column":11},"end":{"line":100,"column":3}},"25":{"start":{"line":81,"column":4},"end":{"line":99,"column":5}},"26":{"start":{"line":82,"column":18},"end":{"line":82,"column":58}},"27":{"start":{"line":84,"column":6},"end":{"line":88,"column":7}},"28":{"start":{"line":85,"column":8},"end":{"line":87,"column":11}},"29":{"start":{"line":91,"column":6},"end":{"line":91,"column":35}},"30":{"start":{"line":94,"column":6},"end":{"line":94,"column":23}},"31":{"start":{"line":96,"column":6},"end":{"line":96,"column":32}},"32":{"start":{"line":98,"column":6},"end":{"line":98,"column":18}},"33":{"start":{"line":103,"column":11},"end":{"line":123,"column":3}},"34":{"start":{"line":104,"column":4},"end":{"line":122,"column":5}},"35":{"start":{"line":105,"column":18},"end":{"line":105,"column":58}},"36":{"start":{"line":107,"column":6},"end":{"line":111,"column":7}},"37":{"start":{"line":108,"column":8},"end":{"line":110,"column":11}},"38":{"start":{"line":113,"column":6},"end":{"line":113,"column":39}},"39":{"start":{"line":114,"column":6},"end":{"line":114,"column":23}},"40":{"start":{"line":116,"column":6},"end":{"line":119,"column":9}},"41":{"start":{"line":121,"column":6},"end":{"line":121,"column":18}},"42":{"start":{"line":126,"column":12},"end":{"line":143,"column":3}},"43":{"start":{"line":127,"column":4},"end":{"line":142,"column":5}},"44":{"start":{"line":128,"column":18},"end":{"line":128,"column":58}},"45":{"start":{"line":130,"column":6},"end":{"line":134,"column":7}},"46":{"start":{"line":131,"column":8},"end":{"line":133,"column":11}},"47":{"start":{"line":136,"column":6},"end":{"line":136,"column":37}},"48":{"start":{"line":137,"column":6},"end":{"line":137,"column":23}},"49":{"start":{"line":139,"column":6},"end":{"line":139,"column":32}},"50":{"start":{"line":141,"column":6},"end":{"line":141,"column":18}},"51":{"start":{"line":146,"column":0},"end":{"line":146,"column":32}}},"fnMap":{"0":{"name":"(anonymous_0)","decl":{"start":{"line":2,"column":2},"end":{"line":2,"column":3}},"loc":{"start":{"line":2,"column":21},"end":{"line":4,"column":3}},"line":2},"1":{"name":"(anonymous_1)","decl":{"start":{"line":7,"column":11},"end":{"line":7,"column":12}},"loc":{"start":{"line":7,"column":37},"end":{"line":21,"column":3}},"line":7},"2":{"name":"(anonymous_2)","decl":{"start":{"line":24,"column":11},"end":{"line":24,"column":12}},"loc":{"start":{"line":24,"column":37},"end":{"line":60,"column":3}},"line":24},"3":{"name":"(anonymous_3)","decl":{"start":{"line":63,"column":11},"end":{"line":63,"column":12}},"loc":{"start":{"line":63,"column":37},"end":{"line":77,"column":3}},"line":63},"4":{"name":"(anonymous_4)","decl":{"start":{"line":80,"column":11},"end":{"line":80,"column":12}},"loc":{"start":{"line":80,"column":37},"end":{"line":100,"column":3}},"line":80},"5":{"name":"(anonymous_5)","decl":{"start":{"line":103,"column":11},"end":{"line":103,"column":12}},"loc":{"start":{"line":103,"column":37},"end":{"line":123,"column":3}},"line":103},"6":{"name":"(anonymous_6)","decl":{"start":{"line":126,"column":12},"end":{"line":126,"column":13}},"loc":{"start":{"line":126,"column":38},"end":{"line":143,"column":3}},"line":126}},"branchMap":{"0":{"loc":{"start":{"line":26,"column":19},"end":{"line":26,"column":52}},"type":"binary-expr","locations":[{"start":{"line":26,"column":19},"end":{"line":26,"column":47}},{"start":{"line":26,"column":51},"end":{"line":26,"column":52}}],"line":26},"1":{"loc":{"start":{"line":27,"column":20},"end":{"line":27,"column":55}},"type":"binary-expr","locations":[{"start":{"line":27,"column":20},"end":{"line":27,"column":49}},{"start":{"line":27,"column":53},"end":{"line":27,"column":55}}],"line":27},"2":{"loc":{"start":{"line":34,"column":6},"end":{"line":36,"column":7}},"type":"if","locations":[{"start":{"line":34,"column":6},"end":{"line":36,"column":7}},{"start":{},"end":{}}],"line":34},"3":{"loc":{"start":{"line":67,"column":6},"end":{"line":71,"column":7}},"type":"if","locations":[{"start":{"line":67,"column":6},"end":{"line":71,"column":7}},{"start":{},"end":{}}],"line":67},"4":{"loc":{"start":{"line":84,"column":6},"end":{"line":88,"column":7}},"type":"if","locations":[{"start":{"line":84,"column":6},"end":{"line":88,"column":7}},{"start":{},"end":{}}],"line":84},"5":{"loc":{"start":{"line":107,"column":6},"end":{"line":111,"column":7}},"type":"if","locations":[{"start":{"line":107,"column":6},"end":{"line":111,"column":7}},{"start":{},"end":{}}],"line":107},"6":{"loc":{"start":{"line":130,"column":6},"end":{"line":134,"column":7}},"type":"if","locations":[{"start":{"line":130,"column":6},"end":{"line":134,"column":7}},{"start":{},"end":{}}],"line":130}},"s":{"0":3,"1":3,"2":10,"3":10,"4":9,"5":1,"6":3,"7":2,"8":2,"9":2,"10":2,"11":2,"12":2,"13":1,"14":2,"15":2,"16":0,"17":3,"18":0,"19":0,"20":0,"21":0,"22":0,"23":0,"24":3,"25":1,"26":1,"27":1,"28":0,"29":1,"30":1,"31":1,"32":0,"33":3,"34":1,"35":1,"36":1,"37":0,"38":1,"39":1,"40":1,"41":0,"42":3,"43":0,"44":0,"45":0,"46":0,"47":0,"48":0,"49":0,"50":0,"51":3},"f":{"0":3,"1":10,"2":2,"3":0,"4":1,"5":1,"6":0},"b":{"0":[2,2],"1":[2,2],"2":[1,1],"3":[0,0],"4":[0,1],"5":[0,1],"6":[0,0]},"_coverageSchema":"1a1c01bbd47fc00a2c39e90264f33305004495a9","hash":"550ce852b6cb83ab528718ea379e9ce0d8b57d0c"}
,"C:\\Users\\DELL\\Zenaura\\server\\controllers\\personality-trait.controller.js": {"path":"C:\\Users\\DELL\\Zenaura\\server\\controllers\\personality-trait.controller.js","statementMap":{"0":{"start":{"line":1,"column":23},"end":{"line":1,"column":51}},"1":{"start":{"line":2,"column":25},"end":{"line":2,"column":69}},"2":{"start":{"line":6,"column":4},"end":{"line":6,"column":28}},"3":{"start":{"line":10,"column":18},"end":{"line":21,"column":3}},"4":{"start":{"line":11,"column":4},"end":{"line":20,"column":5}},"5":{"start":{"line":12,"column":27},"end":{"line":12,"column":37}},"6":{"start":{"line":13,"column":21},"end":{"line":13,"column":68}},"7":{"start":{"line":15,"column":6},"end":{"line":17,"column":9}},"8":{"start":{"line":19,"column":6},"end":{"line":19,"column":18}},"9":{"start":{"line":24,"column":18},"end":{"line":46,"column":3}},"10":{"start":{"line":25,"column":4},"end":{"line":45,"column":5}},"11":{"start":{"line":26,"column":33},"end":{"line":26,"column":41}},"12":{"start":{"line":27,"column":20},"end":{"line":27,"column":60}},"13":{"start":{"line":29,"column":6},"end":{"line":33,"column":7}},"14":{"start":{"line":30,"column":8},"end":{"line":32,"column":11}},"15":{"start":{"line":35,"column":22},"end":{"line":35,"column":48}},"16":{"start":{"line":37,"column":6},"end":{"line":42,"column":9}},"17":{"start":{"line":44,"column":6},"end":{"line":44,"column":18}},"18":{"start":{"line":49,"column":21},"end":{"line":64,"column":3}},"19":{"start":{"line":50,"column":4},"end":{"line":63,"column":5}},"20":{"start":{"line":51,"column":20},"end":{"line":52,"column":34}},"21":{"start":{"line":54,"column":6},"end":{"line":58,"column":7}},"22":{"start":{"line":55,"column":8},"end":{"line":57,"column":11}},"23":{"start":{"line":60,"column":6},"end":{"line":60,"column":48}},"24":{"start":{"line":62,"column":6},"end":{"line":62,"column":18}},"25":{"start":{"line":67,"column":24},"end":{"line":95,"column":3}},"26":{"start":{"line":68,"column":4},"end":{"line":94,"column":5}},"27":{"start":{"line":69,"column":32},"end":{"line":69,"column":40}},"28":{"start":{"line":70,"column":20},"end":{"line":70,"column":66}},"29":{"start":{"line":72,"column":6},"end":{"line":76,"column":7}},"30":{"start":{"line":73,"column":8},"end":{"line":75,"column":11}},"31":{"start":{"line":79,"column":6},"end":{"line":86,"column":7}},"32":{"start":{"line":80,"column":29},"end":{"line":80,"column":71}},"33":{"start":{"line":81,"column":8},"end":{"line":85,"column":9}},"34":{"start":{"line":82,"column":10},"end":{"line":84,"column":13}},"35":{"start":{"line":88,"column":6},"end":{"line":88,"column":42}},"36":{"start":{"line":89,"column":6},"end":{"line":89,"column":25}},"37":{"start":{"line":91,"column":6},"end":{"line":91,"column":34}},"38":{"start":{"line":93,"column":6},"end":{"line":93,"column":18}},"39":{"start":{"line":98,"column":25},"end":{"line":112,"column":3}},"40":{"start":{"line":99,"column":4},"end":{"line":111,"column":5}},"41":{"start":{"line":100,"column":20},"end":{"line":100,"column":66}},"42":{"start":{"line":102,"column":6},"end":{"line":106,"column":7}},"43":{"start":{"line":103,"column":8},"end":{"line":105,"column":11}},"44":{"start":{"line":108,"column":6},"end":{"line":108,"column":52}},"45":{"start":{"line":110,"column":6},"end":{"line":110,"column":18}},"46":{"start":{"line":115,"column":28},"end":{"line":133,"column":3}},"47":{"start":{"line":116,"column":4},"end":{"line":132,"column":5}},"48":{"start":{"line":117,"column":26},"end":{"line":117,"column":34}},"49":{"start":{"line":118,"column":20},"end":{"line":118,"column":66}},"50":{"start":{"line":120,"column":6},"end":{"line":124,"column":7}},"51":{"start":{"line":121,"column":8},"end":{"line":123,"column":11}},"52":{"start":{"line":126,"column":6},"end":{"line":126,"column":40}},"53":{"start":{"line":127,"column":6},"end":{"line":127,"column":25}},"54":{"start":{"line":129,"column":6},"end":{"line":129,"column":34}},"55":{"start":{"line":131,"column":6},"end":{"line":131,"column":18}},"56":{"start":{"line":136,"column":0},"end":{"line":136,"column":50}}},"fnMap":{"0":{"name":"(anonymous_0)","decl":{"start":{"line":5,"column":2},"end":{"line":5,"column":3}},"loc":{"start":{"line":5,"column":16},"end":{"line":7,"column":3}},"line":5},"1":{"name":"(anonymous_1)","decl":{"start":{"line":10,"column":18},"end":{"line":10,"column":19}},"loc":{"start":{"line":10,"column":44},"end":{"line":21,"column":3}},"line":10},"2":{"name":"(anonymous_2)","decl":{"start":{"line":24,"column":18},"end":{"line":24,"column":19}},"loc":{"start":{"line":24,"column":44},"end":{"line":46,"column":3}},"line":24},"3":{"name":"(anonymous_3)","decl":{"start":{"line":49,"column":21},"end":{"line":49,"column":22}},"loc":{"start":{"line":49,"column":47},"end":{"line":64,"column":3}},"line":49},"4":{"name":"(anonymous_4)","decl":{"start":{"line":67,"column":24},"end":{"line":67,"column":25}},"loc":{"start":{"line":67,"column":50},"end":{"line":95,"column":3}},"line":67},"5":{"name":"(anonymous_5)","decl":{"start":{"line":98,"column":25},"end":{"line":98,"column":26}},"loc":{"start":{"line":98,"column":51},"end":{"line":112,"column":3}},"line":98},"6":{"name":"(anonymous_6)","decl":{"start":{"line":115,"column":28},"end":{"line":115,"column":29}},"loc":{"start":{"line":115,"column":54},"end":{"line":133,"column":3}},"line":115}},"branchMap":{"0":{"loc":{"start":{"line":29,"column":6},"end":{"line":33,"column":7}},"type":"if","locations":[{"start":{"line":29,"column":6},"end":{"line":33,"column":7}},{"start":{},"end":{}}],"line":29},"1":{"loc":{"start":{"line":54,"column":6},"end":{"line":58,"column":7}},"type":"if","locations":[{"start":{"line":54,"column":6},"end":{"line":58,"column":7}},{"start":{},"end":{}}],"line":54},"2":{"loc":{"start":{"line":72,"column":6},"end":{"line":76,"column":7}},"type":"if","locations":[{"start":{"line":72,"column":6},"end":{"line":76,"column":7}},{"start":{},"end":{}}],"line":72},"3":{"loc":{"start":{"line":81,"column":8},"end":{"line":85,"column":9}},"type":"if","locations":[{"start":{"line":81,"column":8},"end":{"line":85,"column":9}},{"start":{},"end":{}}],"line":81},"4":{"loc":{"start":{"line":102,"column":6},"end":{"line":106,"column":7}},"type":"if","locations":[{"start":{"line":102,"column":6},"end":{"line":106,"column":7}},{"start":{},"end":{}}],"line":102},"5":{"loc":{"start":{"line":120,"column":6},"end":{"line":124,"column":7}},"type":"if","locations":[{"start":{"line":120,"column":6},"end":{"line":124,"column":7}},{"start":{},"end":{}}],"line":120}},"s":{"0":3,"1":3,"2":3,"3":3,"4":0,"5":0,"6":0,"7":0,"8":0,"9":3,"10":2,"11":2,"12":2,"13":2,"14":0,"15":2,"16":2,"17":0,"18":3,"19":0,"20":0,"21":0,"22":0,"23":0,"24":0,"25":3,"26":1,"27":1,"28":1,"29":1,"30":0,"31":1,"32":1,"33":1,"34":0,"35":1,"36":1,"37":1,"38":0,"39":3,"40":0,"41":0,"42":0,"43":0,"44":0,"45":0,"46":3,"47":0,"48":0,"49":0,"50":0,"51":0,"52":0,"53":0,"54":0,"55":0,"56":3},"f":{"0":3,"1":0,"2":2,"3":0,"4":1,"5":0,"6":0},"b":{"0":[0,2],"1":[0,0],"2":[0,1],"3":[0,1],"4":[0,0],"5":[0,0]},"_coverageSchema":"1a1c01bbd47fc00a2c39e90264f33305004495a9","hash":"7d48851967267115788e4a968cd5cfb9077eacca"}
,"C:\\Users\\DELL\\Zenaura\\server\\middleware\\auth.middleware.js": {"path":"C:\\Users\\DELL\\Zenaura\\server\\middleware\\auth.middleware.js","statementMap":{"0":{"start":{"line":1,"column":12},"end":{"line":1,"column":35}},"1":{"start":{"line":2,"column":15},"end":{"line":2,"column":42}},"2":{"start":{"line":4,"column":23},"end":{"line":88,"column":1}},"3":{"start":{"line":6,"column":18},"end":{"line":6,"column":58}},"4":{"start":{"line":8,"column":4},"end":{"line":13,"column":5}},"5":{"start":{"line":9,"column":6},"end":{"line":12,"column":9}},"6":{"start":{"line":16,"column":4},"end":{"line":25,"column":5}},"7":{"start":{"line":17,"column":6},"end":{"line":20,"column":7}},"8":{"start":{"line":18,"column":8},"end":{"line":18,"column":37}},"9":{"start":{"line":19,"column":8},"end":{"line":19,"column":22}},"10":{"start":{"line":21,"column":6},"end":{"line":24,"column":7}},"11":{"start":{"line":22,"column":8},"end":{"line":22,"column":36}},"12":{"start":{"line":23,"column":8},"end":{"line":23,"column":22}},"13":{"start":{"line":27,"column":4},"end":{"line":36,"column":5}},"14":{"start":{"line":28,"column":22},"end":{"line":28,"column":58}},"15":{"start":{"line":29,"column":6},"end":{"line":29,"column":25}},"16":{"start":{"line":30,"column":6},"end":{"line":30,"column":13}},"17":{"start":{"line":32,"column":6},"end":{"line":35,"column":9}},"18":{"start":{"line":40,"column":4},"end":{"line":45,"column":5}},"19":{"start":{"line":41,"column":6},"end":{"line":44,"column":9}},"20":{"start":{"line":47,"column":4},"end":{"line":52,"column":5}},"21":{"start":{"line":48,"column":6},"end":{"line":51,"column":9}},"22":{"start":{"line":54,"column":4},"end":{"line":54,"column":11}},"23":{"start":{"line":58,"column":4},"end":{"line":72,"column":5}},"24":{"start":{"line":59,"column":6},"end":{"line":64,"column":7}},"25":{"start":{"line":60,"column":8},"end":{"line":63,"column":11}},"26":{"start":{"line":65,"column":6},"end":{"line":65,"column":13}},"27":{"start":{"line":67,"column":6},"end":{"line":71,"column":9}},"28":{"start":{"line":76,"column":4},"end":{"line":86,"column":5}},"29":{"start":{"line":79,"column":6},"end":{"line":79,"column":13}},"30":{"start":{"line":81,"column":6},"end":{"line":85,"column":9}},"31":{"start":{"line":90,"column":0},"end":{"line":90,"column":32}}},"fnMap":{"0":{"name":"(anonymous_0)","decl":{"start":{"line":5,"column":15},"end":{"line":5,"column":16}},"loc":{"start":{"line":5,"column":41},"end":{"line":37,"column":3}},"line":5},"1":{"name":"(anonymous_1)","decl":{"start":{"line":39,"column":11},"end":{"line":39,"column":12}},"loc":{"start":{"line":39,"column":37},"end":{"line":55,"column":3}},"line":39},"2":{"name":"(anonymous_2)","decl":{"start":{"line":57,"column":17},"end":{"line":57,"column":18}},"loc":{"start":{"line":57,"column":43},"end":{"line":73,"column":3}},"line":57},"3":{"name":"(anonymous_3)","decl":{"start":{"line":75,"column":17},"end":{"line":75,"column":18}},"loc":{"start":{"line":75,"column":43},"end":{"line":87,"column":3}},"line":75}},"branchMap":{"0":{"loc":{"start":{"line":8,"column":4},"end":{"line":13,"column":5}},"type":"if","locations":[{"start":{"line":8,"column":4},"end":{"line":13,"column":5}},{"start":{},"end":{}}],"line":8},"1":{"loc":{"start":{"line":16,"column":4},"end":{"line":25,"column":5}},"type":"if","locations":[{"start":{"line":16,"column":4},"end":{"line":25,"column":5}},{"start":{},"end":{}}],"line":16},"2":{"loc":{"start":{"line":17,"column":6},"end":{"line":20,"column":7}},"type":"if","locations":[{"start":{"line":17,"column":6},"end":{"line":20,"column":7}},{"start":{},"end":{}}],"line":17},"3":{"loc":{"start":{"line":21,"column":6},"end":{"line":24,"column":7}},"type":"if","locations":[{"start":{"line":21,"column":6},"end":{"line":24,"column":7}},{"start":{},"end":{}}],"line":21},"4":{"loc":{"start":{"line":40,"column":4},"end":{"line":45,"column":5}},"type":"if","locations":[{"start":{"line":40,"column":4},"end":{"line":45,"column":5}},{"start":{},"end":{}}],"line":40},"5":{"loc":{"start":{"line":47,"column":4},"end":{"line":52,"column":5}},"type":"if","locations":[{"start":{"line":47,"column":4},"end":{"line":52,"column":5}},{"start":{},"end":{}}],"line":47},"6":{"loc":{"start":{"line":59,"column":6},"end":{"line":64,"column":7}},"type":"if","locations":[{"start":{"line":59,"column":6},"end":{"line":64,"column":7}},{"start":{},"end":{}}],"line":59}},"s":{"0":3,"1":3,"2":3,"3":21,"4":21,"5":1,"6":20,"7":20,"8":13,"9":13,"10":7,"11":7,"12":7,"13":0,"14":0,"15":0,"16":0,"17":0,"18":16,"19":0,"20":16,"21":3,"22":13,"23":0,"24":0,"25":0,"26":0,"27":0,"28":0,"29":0,"30":0,"31":3},"f":{"0":21,"1":16,"2":0,"3":0},"b":{"0":[1,20],"1":[20,0],"2":[13,7],"3":[7,0],"4":[0,16],"5":[3,13],"6":[0,0]},"_coverageSchema":"1a1c01bbd47fc00a2c39e90264f33305004495a9","hash":"54052116e576354fd674ef306041c1e704cc2f5d"}
,"C:\\Users\\DELL\\Zenaura\\server\\middleware\\validation.middleware.js": {"path":"C:\\Users\\DELL\\Zenaura\\server\\middleware\\validation.middleware.js","statementMap":{"0":{"start":{"line":1,"column":29},"end":{"line":1,"column":57}},"1":{"start":{"line":3,"column":29},"end":{"line":35,"column":1}},"2":{"start":{"line":5,"column":19},"end":{"line":5,"column":40}},"3":{"start":{"line":6,"column":4},"end":{"line":10,"column":5}},"4":{"start":{"line":7,"column":6},"end":{"line":9,"column":9}},"5":{"start":{"line":11,"column":4},"end":{"line":11,"column":11}},"6":{"start":{"line":15,"column":4},"end":{"line":19,"column":5}},"7":{"start":{"line":16,"column":6},"end":{"line":18,"column":9}},"8":{"start":{"line":20,"column":4},"end":{"line":24,"column":5}},"9":{"start":{"line":21,"column":6},"end":{"line":23,"column":9}},"10":{"start":{"line":25,"column":4},"end":{"line":25,"column":14}},"11":{"start":{"line":29,"column":4},"end":{"line":29,"column":35}},"12":{"start":{"line":31,"column":4},"end":{"line":33,"column":7}},"13":{"start":{"line":37,"column":0},"end":{"line":37,"column":38}}},"fnMap":{"0":{"name":"(anonymous_0)","decl":{"start":{"line":4,"column":19},"end":{"line":4,"column":20}},"loc":{"start":{"line":4,"column":39},"end":{"line":12,"column":3}},"line":4},"1":{"name":"(anonymous_1)","decl":{"start":{"line":14,"column":23},"end":{"line":14,"column":24}},"loc":{"start":{"line":14,"column":48},"end":{"line":26,"column":3}},"line":14},"2":{"name":"(anonymous_2)","decl":{"start":{"line":28,"column":16},"end":{"line":28,"column":17}},"loc":{"start":{"line":28,"column":43},"end":{"line":34,"column":3}},"line":28}},"branchMap":{"0":{"loc":{"start":{"line":6,"column":4},"end":{"line":10,"column":5}},"type":"if","locations":[{"start":{"line":6,"column":4},"end":{"line":10,"column":5}},{"start":{},"end":{}}],"line":6},"1":{"loc":{"start":{"line":15,"column":4},"end":{"line":19,"column":5}},"type":"if","locations":[{"start":{"line":15,"column":4},"end":{"line":19,"column":5}},{"start":{},"end":{}}],"line":15},"2":{"loc":{"start":{"line":20,"column":4},"end":{"line":24,"column":5}},"type":"if","locations":[{"start":{"line":20,"column":4},"end":{"line":24,"column":5}},{"start":{},"end":{}}],"line":20},"3":{"loc":{"start":{"line":31,"column":15},"end":{"line":31,"column":34}},"type":"binary-expr","locations":[{"start":{"line":31,"column":15},"end":{"line":31,"column":27}},{"start":{"line":31,"column":31},"end":{"line":31,"column":34}}],"line":31},"4":{"loc":{"start":{"line":32,"column":13},"end":{"line":32,"column":53}},"type":"binary-expr","locations":[{"start":{"line":32,"column":13},"end":{"line":32,"column":26}},{"start":{"line":32,"column":30},"end":{"line":32,"column":53}}],"line":32}},"s":{"0":3,"1":3,"2":15,"3":15,"4":0,"5":15,"6":1,"7":1,"8":0,"9":0,"10":0,"11":0,"12":0,"13":3},"f":{"0":15,"1":1,"2":0},"b":{"0":[0,15],"1":[1,0],"2":[0,0],"3":[0,0],"4":[0,0]},"_coverageSchema":"1a1c01bbd47fc00a2c39e90264f33305004495a9","hash":"42923ecb1ac285c44e45a3804fe09e0c02d9dd32"}
,"C:\\Users\\DELL\\Zenaura\\server\\models\\personality-trait.model.js": {"path":"C:\\Users\\DELL\\Zenaura\\server\\models\\personality-trait.model.js","statementMap":{"0":{"start":{"line":1,"column":17},"end":{"line":1,"column":36}},"1":{"start":{"line":3,"column":31},"end":{"line":73,"column":2}},"2":{"start":{"line":76,"column":0},"end":{"line":81,"column":3}},"3":{"start":{"line":77,"column":2},"end":{"line":79,"column":3}},"4":{"start":{"line":78,"column":4},"end":{"line":78,"column":96}},"5":{"start":{"line":80,"column":2},"end":{"line":80,"column":9}},"6":{"start":{"line":84,"column":0},"end":{"line":90,"column":3}},"7":{"start":{"line":85,"column":2},"end":{"line":87,"column":3}},"8":{"start":{"line":86,"column":4},"end":{"line":86,"column":31}},"9":{"start":{"line":88,"column":2},"end":{"line":88,"column":39}},"10":{"start":{"line":89,"column":2},"end":{"line":89,"column":9}},"11":{"start":{"line":93,"column":0},"end":{"line":95,"column":2}},"12":{"start":{"line":94,"column":2},"end":{"line":94,"column":82}},"13":{"start":{"line":98,"column":0},"end":{"line":105,"column":2}},"14":{"start":{"line":99,"column":17},"end":{"line":99,"column":53}},"15":{"start":{"line":100,"column":2},"end":{"line":103,"column":3}},"16":{"start":{"line":101,"column":4},"end":{"line":101,"column":37}},"17":{"start":{"line":102,"column":4},"end":{"line":102,"column":22}},"18":{"start":{"line":104,"column":2},"end":{"line":104,"column":14}},"19":{"start":{"line":108,"column":0},"end":{"line":110,"column":2}},"20":{"start":{"line":109,"column":2},"end":{"line":109,"column":62}},"21":{"start":{"line":112,"column":25},"end":{"line":112,"column":83}},"22":{"start":{"line":114,"column":0},"end":{"line":114,"column":34}}},"fnMap":{"0":{"name":"(anonymous_0)","decl":{"start":{"line":76,"column":39},"end":{"line":76,"column":40}},"loc":{"start":{"line":76,"column":54},"end":{"line":81,"column":1}},"line":76},"1":{"name":"(anonymous_1)","decl":{"start":{"line":84,"column":35},"end":{"line":84,"column":36}},"loc":{"start":{"line":84,"column":50},"end":{"line":90,"column":1}},"line":84},"2":{"name":"(anonymous_2)","decl":{"start":{"line":93,"column":47},"end":{"line":93,"column":48}},"loc":{"start":{"line":93,"column":63},"end":{"line":95,"column":1}},"line":93},"3":{"name":"(anonymous_3)","decl":{"start":{"line":98,"column":49},"end":{"line":98,"column":50}},"loc":{"start":{"line":98,"column":73},"end":{"line":105,"column":1}},"line":98},"4":{"name":"(anonymous_4)","decl":{"start":{"line":108,"column":48},"end":{"line":108,"column":49}},"loc":{"start":{"line":108,"column":67},"end":{"line":110,"column":1}},"line":108}},"branchMap":{"0":{"loc":{"start":{"line":77,"column":2},"end":{"line":79,"column":3}},"type":"if","locations":[{"start":{"line":77,"column":2},"end":{"line":79,"column":3}},{"start":{},"end":{}}],"line":77},"1":{"loc":{"start":{"line":85,"column":2},"end":{"line":87,"column":3}},"type":"if","locations":[{"start":{"line":85,"column":2},"end":{"line":87,"column":3}},{"start":{},"end":{}}],"line":85},"2":{"loc":{"start":{"line":85,"column":6},"end":{"line":85,"column":38}},"type":"binary-expr","locations":[{"start":{"line":85,"column":6},"end":{"line":85,"column":23}},{"start":{"line":85,"column":27},"end":{"line":85,"column":38}}],"line":85},"3":{"loc":{"start":{"line":94,"column":9},"end":{"line":94,"column":81}},"type":"binary-expr","locations":[{"start":{"line":94,"column":9},"end":{"line":94,"column":43}},{"start":{"line":94,"column":47},"end":{"line":94,"column":81}}],"line":94},"4":{"loc":{"start":{"line":100,"column":2},"end":{"line":103,"column":3}},"type":"if","locations":[{"start":{"line":100,"column":2},"end":{"line":103,"column":3}},{"start":{},"end":{}}],"line":100}},"s":{"0":6,"1":6,"2":6,"3":31,"4":2,"5":31,"6":6,"7":26,"8":7,"9":26,"10":26,"11":6,"12":8,"13":6,"14":1,"15":1,"16":1,"17":1,"18":1,"19":6,"20":0,"21":6,"22":6},"f":{"0":31,"1":26,"2":8,"3":1,"4":0},"b":{"0":[2,29],"1":[7,19],"2":[26,26],"3":[8,6],"4":[1,0]},"_coverageSchema":"1a1c01bbd47fc00a2c39e90264f33305004495a9","hash":"ed375672a9efbc73695c5d09c580b1701b9dc05b"}
,"C:\\Users\\DELL\\Zenaura\\server\\models\\question.model.js": {"path":"C:\\Users\\DELL\\Zenaura\\server\\models\\question.model.js","statementMap":{"0":{"start":{"line":1,"column":17},"end":{"line":1,"column":36}},"1":{"start":{"line":3,"column":23},"end":{"line":131,"column":2}},"2":{"start":{"line":24,"column":8},"end":{"line":24,"column":82}},"3":{"start":{"line":30,"column":8},"end":{"line":30,"column":71}},"4":{"start":{"line":134,"column":0},"end":{"line":134,"column":38}},"5":{"start":{"line":135,"column":0},"end":{"line":135,"column":34}},"6":{"start":{"line":136,"column":0},"end":{"line":136,"column":51}},"7":{"start":{"line":137,"column":0},"end":{"line":137,"column":36}},"8":{"start":{"line":140,"column":0},"end":{"line":156,"column":2}},"9":{"start":{"line":142,"column":2},"end":{"line":155,"column":3}},"10":{"start":{"line":144,"column":6},"end":{"line":144,"column":60}},"11":{"start":{"line":144,"column":38},"end":{"line":144,"column":58}},"12":{"start":{"line":146,"column":6},"end":{"line":146,"column":58}},"13":{"start":{"line":148,"column":6},"end":{"line":148,"column":41}},"14":{"start":{"line":150,"column":6},"end":{"line":152,"column":88}},"15":{"start":{"line":154,"column":6},"end":{"line":154,"column":18}},"16":{"start":{"line":159,"column":0},"end":{"line":164,"column":3}},"17":{"start":{"line":160,"column":2},"end":{"line":162,"column":3}},"18":{"start":{"line":161,"column":4},"end":{"line":161,"column":31}},"19":{"start":{"line":163,"column":2},"end":{"line":163,"column":9}},"20":{"start":{"line":166,"column":17},"end":{"line":166,"column":59}},"21":{"start":{"line":168,"column":0},"end":{"line":168,"column":26}}},"fnMap":{"0":{"name":"(anonymous_0)","decl":{"start":{"line":23,"column":16},"end":{"line":23,"column":17}},"loc":{"start":{"line":23,"column":27},"end":{"line":25,"column":7}},"line":23},"1":{"name":"(anonymous_1)","decl":{"start":{"line":29,"column":16},"end":{"line":29,"column":17}},"loc":{"start":{"line":29,"column":27},"end":{"line":31,"column":7}},"line":29},"2":{"name":"(anonymous_2)","decl":{"start":{"line":140,"column":40},"end":{"line":140,"column":41}},"loc":{"start":{"line":140,"column":57},"end":{"line":156,"column":1}},"line":140},"3":{"name":"(anonymous_3)","decl":{"start":{"line":144,"column":31},"end":{"line":144,"column":32}},"loc":{"start":{"line":144,"column":38},"end":{"line":144,"column":58}},"line":144},"4":{"name":"(anonymous_4)","decl":{"start":{"line":159,"column":27},"end":{"line":159,"column":28}},"loc":{"start":{"line":159,"column":42},"end":{"line":164,"column":1}},"line":159}},"branchMap":{"0":{"loc":{"start":{"line":142,"column":2},"end":{"line":155,"column":3}},"type":"switch","locations":[{"start":{"line":143,"column":4},"end":{"line":144,"column":60}},{"start":{"line":145,"column":4},"end":{"line":146,"column":58}},{"start":{"line":147,"column":4},"end":{"line":148,"column":41}},{"start":{"line":149,"column":4},"end":{"line":152,"column":88}},{"start":{"line":153,"column":4},"end":{"line":154,"column":18}}],"line":142},"1":{"loc":{"start":{"line":146,"column":13},"end":{"line":146,"column":57}},"type":"binary-expr","locations":[{"start":{"line":146,"column":13},"end":{"line":146,"column":24}},{"start":{"line":146,"column":28},"end":{"line":146,"column":57}}],"line":146},"2":{"loc":{"start":{"line":150,"column":13},"end":{"line":152,"column":87}},"type":"binary-expr","locations":[{"start":{"line":150,"column":13},"end":{"line":150,"column":39}},{"start":{"line":151,"column":14},"end":{"line":151,"column":40}},{"start":{"line":151,"column":44},"end":{"line":151,"column":86}},{"start":{"line":152,"column":14},"end":{"line":152,"column":40}},{"start":{"line":152,"column":44},"end":{"line":152,"column":86}}],"line":150},"3":{"loc":{"start":{"line":160,"column":2},"end":{"line":162,"column":3}},"type":"if","locations":[{"start":{"line":160,"column":2},"end":{"line":162,"column":3}},{"start":{},"end":{}}],"line":160}},"s":{"0":2,"1":2,"2":0,"3":0,"4":2,"5":2,"6":2,"7":2,"8":2,"9":0,"10":0,"11":0,"12":0,"13":0,"14":0,"15":0,"16":2,"17":0,"18":0,"19":0,"20":2,"21":2},"f":{"0":0,"1":0,"2":0,"3":0,"4":0},"b":{"0":[0,0,0,0,0],"1":[0,0],"2":[0,0,0,0,0],"3":[0,0]},"_coverageSchema":"1a1c01bbd47fc00a2c39e90264f33305004495a9","hash":"8d9a1de0b5f05b66989a50df6fd18ad442e01b0b"}
,"C:\\Users\\DELL\\Zenaura\\server\\models\\test-category.model.js": {"path":"C:\\Users\\DELL\\Zenaura\\server\\models\\test-category.model.js","statementMap":{"0":{"start":{"line":1,"column":17},"end":{"line":1,"column":36}},"1":{"start":{"line":3,"column":27},"end":{"line":112,"column":2}},"2":{"start":{"line":115,"column":0},"end":{"line":115,"column":56}},"3":{"start":{"line":116,"column":0},"end":{"line":116,"column":48}},"4":{"start":{"line":117,"column":0},"end":{"line":117,"column":51}},"5":{"start":{"line":120,"column":0},"end":{"line":124,"column":3}},"6":{"start":{"line":127,"column":0},"end":{"line":129,"column":2}},"7":{"start":{"line":128,"column":2},"end":{"line":128,"column":62}},"8":{"start":{"line":131,"column":0},"end":{"line":145,"column":2}},"9":{"start":{"line":132,"column":13},"end":{"line":132,"column":24}},"10":{"start":{"line":133,"column":24},"end":{"line":133,"column":28}},"11":{"start":{"line":135,"column":2},"end":{"line":142,"column":3}},"12":{"start":{"line":136,"column":4},"end":{"line":136,"column":96}},"13":{"start":{"line":137,"column":4},"end":{"line":141,"column":5}},"14":{"start":{"line":138,"column":6},"end":{"line":138,"column":41}},"15":{"start":{"line":140,"column":6},"end":{"line":140,"column":12}},"16":{"start":{"line":144,"column":2},"end":{"line":144,"column":26}},"17":{"start":{"line":148,"column":0},"end":{"line":153,"column":3}},"18":{"start":{"line":149,"column":2},"end":{"line":151,"column":3}},"19":{"start":{"line":150,"column":4},"end":{"line":150,"column":31}},"20":{"start":{"line":152,"column":2},"end":{"line":152,"column":9}},"21":{"start":{"line":155,"column":21},"end":{"line":155,"column":71}},"22":{"start":{"line":157,"column":0},"end":{"line":157,"column":30}}},"fnMap":{"0":{"name":"(anonymous_0)","decl":{"start":{"line":127,"column":43},"end":{"line":127,"column":44}},"loc":{"start":{"line":127,"column":57},"end":{"line":129,"column":1}},"line":127},"1":{"name":"(anonymous_1)","decl":{"start":{"line":131,"column":41},"end":{"line":131,"column":42}},"loc":{"start":{"line":131,"column":58},"end":{"line":145,"column":1}},"line":131},"2":{"name":"(anonymous_2)","decl":{"start":{"line":148,"column":31},"end":{"line":148,"column":32}},"loc":{"start":{"line":148,"column":46},"end":{"line":153,"column":1}},"line":148}},"branchMap":{"0":{"loc":{"start":{"line":128,"column":9},"end":{"line":128,"column":61}},"type":"binary-expr","locations":[{"start":{"line":128,"column":9},"end":{"line":128,"column":33}},{"start":{"line":128,"column":37},"end":{"line":128,"column":61}}],"line":128},"1":{"loc":{"start":{"line":137,"column":4},"end":{"line":141,"column":5}},"type":"if","locations":[{"start":{"line":137,"column":4},"end":{"line":141,"column":5}},{"start":{"line":139,"column":11},"end":{"line":141,"column":5}}],"line":137},"2":{"loc":{"start":{"line":149,"column":2},"end":{"line":151,"column":3}},"type":"if","locations":[{"start":{"line":149,"column":2},"end":{"line":151,"column":3}},{"start":{},"end":{}}],"line":149}},"s":{"0":2,"1":2,"2":2,"3":2,"4":2,"5":2,"6":2,"7":0,"8":2,"9":0,"10":0,"11":0,"12":0,"13":0,"14":0,"15":0,"16":0,"17":2,"18":0,"19":0,"20":0,"21":2,"22":2},"f":{"0":0,"1":0,"2":0},"b":{"0":[0,0],"1":[0,0],"2":[0,0]},"_coverageSchema":"1a1c01bbd47fc00a2c39e90264f33305004495a9","hash":"123b467c185b2614d79d1b00b65045480f43d420"}
,"C:\\Users\\DELL\\Zenaura\\server\\models\\test-scoring-algorithm.model.js": {"path":"C:\\Users\\DELL\\Zenaura\\server\\models\\test-scoring-algorithm.model.js","statementMap":{"0":{"start":{"line":1,"column":17},"end":{"line":1,"column":36}},"1":{"start":{"line":3,"column":35},"end":{"line":163,"column":2}},"2":{"start":{"line":91,"column":8},"end":{"line":91,"column":40}},"3":{"start":{"line":166,"column":0},"end":{"line":166,"column":64}},"4":{"start":{"line":167,"column":0},"end":{"line":167,"column":46}},"5":{"start":{"line":168,"column":0},"end":{"line":168,"column":59}},"6":{"start":{"line":171,"column":0},"end":{"line":190,"column":2}},"7":{"start":{"line":172,"column":14},"end":{"line":172,"column":42}},"8":{"start":{"line":174,"column":2},"end":{"line":187,"column":3}},"9":{"start":{"line":176,"column":6},"end":{"line":176,"column":51}},"10":{"start":{"line":177,"column":6},"end":{"line":177,"column":12}},"11":{"start":{"line":179,"column":6},"end":{"line":179,"column":53}},"12":{"start":{"line":180,"column":6},"end":{"line":180,"column":12}},"13":{"start":{"line":182,"column":6},"end":{"line":182,"column":53}},"14":{"start":{"line":183,"column":6},"end":{"line":183,"column":12}},"15":{"start":{"line":185,"column":6},"end":{"line":185,"column":51}},"16":{"start":{"line":186,"column":6},"end":{"line":186,"column":12}},"17":{"start":{"line":189,"column":2},"end":{"line":189,"column":36}},"18":{"start":{"line":192,"column":0},"end":{"line":196,"column":2}},"19":{"start":{"line":193,"column":2},"end":{"line":195,"column":8}},"20":{"start":{"line":194,"column":4},"end":{"line":194,"column":87}},"21":{"start":{"line":198,"column":0},"end":{"line":209,"column":2}},"22":{"start":{"line":199,"column":2},"end":{"line":208,"column":3}},"23":{"start":{"line":201,"column":6},"end":{"line":201,"column":41}},"24":{"start":{"line":203,"column":6},"end":{"line":203,"column":45}},"25":{"start":{"line":205,"column":6},"end":{"line":205,"column":54}},"26":{"start":{"line":207,"column":6},"end":{"line":207,"column":19}},"27":{"start":{"line":212,"column":0},"end":{"line":217,"column":3}},"28":{"start":{"line":213,"column":2},"end":{"line":215,"column":3}},"29":{"start":{"line":214,"column":4},"end":{"line":214,"column":31}},"30":{"start":{"line":216,"column":2},"end":{"line":216,"column":9}},"31":{"start":{"line":219,"column":29},"end":{"line":219,"column":95}},"32":{"start":{"line":221,"column":0},"end":{"line":221,"column":38}}},"fnMap":{"0":{"name":"(anonymous_0)","decl":{"start":{"line":90,"column":16},"end":{"line":90,"column":17}},"loc":{"start":{"line":90,"column":27},"end":{"line":92,"column":7}},"line":90},"1":{"name":"(anonymous_1)","decl":{"start":{"line":171,"column":52},"end":{"line":171,"column":53}},"loc":{"start":{"line":171,"column":72},"end":{"line":190,"column":1}},"line":171},"2":{"name":"(anonymous_2)","decl":{"start":{"line":192,"column":58},"end":{"line":192,"column":59}},"loc":{"start":{"line":192,"column":78},"end":{"line":196,"column":1}},"line":192},"3":{"name":"(anonymous_3)","decl":{"start":{"line":193,"column":26},"end":{"line":193,"column":27}},"loc":{"start":{"line":193,"column":47},"end":{"line":195,"column":3}},"line":193},"4":{"name":"(anonymous_4)","decl":{"start":{"line":198,"column":52},"end":{"line":198,"column":53}},"loc":{"start":{"line":198,"column":68},"end":{"line":209,"column":1}},"line":198},"5":{"name":"(anonymous_5)","decl":{"start":{"line":212,"column":39},"end":{"line":212,"column":40}},"loc":{"start":{"line":212,"column":54},"end":{"line":217,"column":1}},"line":212}},"branchMap":{"0":{"loc":{"start":{"line":174,"column":2},"end":{"line":187,"column":3}},"type":"switch","locations":[{"start":{"line":175,"column":4},"end":{"line":177,"column":12}},{"start":{"line":178,"column":4},"end":{"line":180,"column":12}},{"start":{"line":181,"column":4},"end":{"line":183,"column":12}},{"start":{"line":184,"column":4},"end":{"line":186,"column":12}}],"line":174},"1":{"loc":{"start":{"line":194,"column":20},"end":{"line":194,"column":85}},"type":"cond-expr","locations":[{"start":{"line":194,"column":41},"end":{"line":194,"column":81}},{"start":{"line":194,"column":84},"end":{"line":194,"column":85}}],"line":194},"2":{"loc":{"start":{"line":199,"column":2},"end":{"line":208,"column":3}},"type":"switch","locations":[{"start":{"line":200,"column":4},"end":{"line":201,"column":41}},{"start":{"line":202,"column":4},"end":{"line":203,"column":45}},{"start":{"line":204,"column":4},"end":{"line":205,"column":54}},{"start":{"line":206,"column":4},"end":{"line":207,"column":19}}],"line":199},"3":{"loc":{"start":{"line":213,"column":2},"end":{"line":215,"column":3}},"type":"if","locations":[{"start":{"line":213,"column":2},"end":{"line":215,"column":3}},{"start":{},"end":{}}],"line":213}},"s":{"0":2,"1":2,"2":0,"3":2,"4":2,"5":2,"6":2,"7":0,"8":0,"9":0,"10":0,"11":0,"12":0,"13":0,"14":0,"15":0,"16":0,"17":0,"18":2,"19":0,"20":0,"21":2,"22":0,"23":0,"24":0,"25":0,"26":0,"27":2,"28":0,"29":0,"30":0,"31":2,"32":2},"f":{"0":0,"1":0,"2":0,"3":0,"4":0,"5":0},"b":{"0":[0,0,0,0],"1":[0,0],"2":[0,0,0,0],"3":[0,0]},"_coverageSchema":"1a1c01bbd47fc00a2c39e90264f33305004495a9","hash":"797950eb38e9c7320b728cea9567cfcc615768fb"}
,"C:\\Users\\DELL\\Zenaura\\server\\models\\test-session.model.js": {"path":"C:\\Users\\DELL\\Zenaura\\server\\models\\test-session.model.js","statementMap":{"0":{"start":{"line":1,"column":17},"end":{"line":1,"column":36}},"1":{"start":{"line":3,"column":26},"end":{"line":137,"column":2}},"2":{"start":{"line":140,"column":0},"end":{"line":140,"column":46}},"3":{"start":{"line":141,"column":0},"end":{"line":141,"column":39}},"4":{"start":{"line":142,"column":0},"end":{"line":142,"column":42}},"5":{"start":{"line":145,"column":0},"end":{"line":150,"column":2}},"6":{"start":{"line":146,"column":2},"end":{"line":148,"column":3}},"7":{"start":{"line":147,"column":4},"end":{"line":147,"column":62}},"8":{"start":{"line":149,"column":2},"end":{"line":149,"column":11}},"9":{"start":{"line":152,"column":0},"end":{"line":156,"column":2}},"10":{"start":{"line":153,"column":2},"end":{"line":153,"column":64}},"11":{"start":{"line":153,"column":51},"end":{"line":153,"column":64}},"12":{"start":{"line":154,"column":20},"end":{"line":154,"column":52}},"13":{"start":{"line":155,"column":2},"end":{"line":155,"column":49}},"14":{"start":{"line":158,"column":0},"end":{"line":169,"column":2}},"15":{"start":{"line":161,"column":4},"end":{"line":163,"column":31}},"16":{"start":{"line":165,"column":2},"end":{"line":168,"column":4}},"17":{"start":{"line":172,"column":0},"end":{"line":192,"column":3}},"18":{"start":{"line":173,"column":2},"end":{"line":184,"column":3}},"19":{"start":{"line":175,"column":27},"end":{"line":175,"column":48}},"20":{"start":{"line":176,"column":30},"end":{"line":176,"column":81}},"21":{"start":{"line":176,"column":57},"end":{"line":176,"column":73}},"22":{"start":{"line":177,"column":27},"end":{"line":177,"column":73}},"23":{"start":{"line":177,"column":54},"end":{"line":177,"column":65}},"24":{"start":{"line":179,"column":4},"end":{"line":179,"column":43}},"25":{"start":{"line":180,"column":4},"end":{"line":180,"column":75}},"26":{"start":{"line":183,"column":4},"end":{"line":183,"column":70}},"27":{"start":{"line":186,"column":2},"end":{"line":189,"column":3}},"28":{"start":{"line":187,"column":4},"end":{"line":187,"column":30}},"29":{"start":{"line":188,"column":4},"end":{"line":188,"column":45}},"30":{"start":{"line":191,"column":2},"end":{"line":191,"column":9}},"31":{"start":{"line":194,"column":20},"end":{"line":194,"column":68}},"32":{"start":{"line":196,"column":0},"end":{"line":196,"column":29}}},"fnMap":{"0":{"name":"(anonymous_0)","decl":{"start":{"line":145,"column":46},"end":{"line":145,"column":47}},"loc":{"start":{"line":145,"column":57},"end":{"line":150,"column":1}},"line":145},"1":{"name":"(anonymous_1)","decl":{"start":{"line":152,"column":38},"end":{"line":152,"column":39}},"loc":{"start":{"line":152,"column":49},"end":{"line":156,"column":1}},"line":152},"2":{"name":"(anonymous_2)","decl":{"start":{"line":158,"column":44},"end":{"line":158,"column":45}},"loc":{"start":{"line":158,"column":55},"end":{"line":169,"column":1}},"line":158},"3":{"name":"(anonymous_3)","decl":{"start":{"line":172,"column":30},"end":{"line":172,"column":31}},"loc":{"start":{"line":172,"column":45},"end":{"line":192,"column":1}},"line":172},"4":{"name":"(anonymous_4)","decl":{"start":{"line":176,"column":52},"end":{"line":176,"column":53}},"loc":{"start":{"line":176,"column":57},"end":{"line":176,"column":73}},"line":176},"5":{"name":"(anonymous_5)","decl":{"start":{"line":177,"column":49},"end":{"line":177,"column":50}},"loc":{"start":{"line":177,"column":54},"end":{"line":177,"column":65}},"line":177}},"branchMap":{"0":{"loc":{"start":{"line":146,"column":2},"end":{"line":148,"column":3}},"type":"if","locations":[{"start":{"line":146,"column":2},"end":{"line":148,"column":3}},{"start":{},"end":{}}],"line":146},"1":{"loc":{"start":{"line":146,"column":6},"end":{"line":146,"column":36}},"type":"binary-expr","locations":[{"start":{"line":146,"column":6},"end":{"line":146,"column":18}},{"start":{"line":146,"column":22},"end":{"line":146,"column":36}}],"line":146},"2":{"loc":{"start":{"line":153,"column":2},"end":{"line":153,"column":64}},"type":"if","locations":[{"start":{"line":153,"column":2},"end":{"line":153,"column":64}},{"start":{},"end":{}}],"line":153},"3":{"loc":{"start":{"line":153,"column":6},"end":{"line":153,"column":49}},"type":"binary-expr","locations":[{"start":{"line":153,"column":6},"end":{"line":153,"column":30}},{"start":{"line":153,"column":34},"end":{"line":153,"column":49}}],"line":153},"4":{"loc":{"start":{"line":161,"column":4},"end":{"line":163,"column":31}},"type":"binary-expr","locations":[{"start":{"line":161,"column":4},"end":{"line":161,"column":29}},{"start":{"line":162,"column":4},"end":{"line":162,"column":21}},{"start":{"line":163,"column":4},"end":{"line":163,"column":31}}],"line":161},"5":{"loc":{"start":{"line":167,"column":12},"end":{"line":167,"column":57}},"type":"cond-expr","locations":[{"start":{"line":167,"column":23},"end":{"line":167,"column":50}},{"start":{"line":167,"column":53},"end":{"line":167,"column":57}}],"line":167},"6":{"loc":{"start":{"line":173,"column":2},"end":{"line":184,"column":3}},"type":"if","locations":[{"start":{"line":173,"column":2},"end":{"line":184,"column":3}},{"start":{},"end":{}}],"line":173},"7":{"loc":{"start":{"line":186,"column":2},"end":{"line":189,"column":3}},"type":"if","locations":[{"start":{"line":186,"column":2},"end":{"line":189,"column":3}},{"start":{},"end":{}}],"line":186},"8":{"loc":{"start":{"line":186,"column":6},"end":{"line":186,"column":62}},"type":"binary-expr","locations":[{"start":{"line":186,"column":6},"end":{"line":186,"column":31}},{"start":{"line":186,"column":35},"end":{"line":186,"column":62}}],"line":186}},"s":{"0":1,"1":1,"2":1,"3":1,"4":1,"5":1,"6":0,"7":0,"8":0,"9":1,"10":0,"11":0,"12":0,"13":0,"14":1,"15":0,"16":0,"17":1,"18":0,"19":0,"20":0,"21":0,"22":0,"23":0,"24":0,"25":0,"26":0,"27":0,"28":0,"29":0,"30":0,"31":1,"32":1},"f":{"0":0,"1":0,"2":0,"3":0,"4":0,"5":0},"b":{"0":[0,0],"1":[0,0],"2":[0,0],"3":[0,0],"4":[0,0,0],"5":[0,0],"6":[0,0],"7":[0,0],"8":[0,0]},"_coverageSchema":"1a1c01bbd47fc00a2c39e90264f33305004495a9","hash":"53eab37e51c056c0ba9805ebcf0002688236ab5b"}
,"C:\\Users\\DELL\\Zenaura\\server\\models\\test.model.js": {"path":"C:\\Users\\DELL\\Zenaura\\server\\models\\test.model.js","statementMap":{"0":{"start":{"line":1,"column":17},"end":{"line":1,"column":36}},"1":{"start":{"line":3,"column":19},"end":{"line":114,"column":2}},"2":{"start":{"line":117,"column":0},"end":{"line":122,"column":3}},"3":{"start":{"line":118,"column":2},"end":{"line":120,"column":3}},"4":{"start":{"line":119,"column":4},"end":{"line":119,"column":100}},"5":{"start":{"line":121,"column":2},"end":{"line":121,"column":9}},"6":{"start":{"line":125,"column":0},"end":{"line":130,"column":3}},"7":{"start":{"line":126,"column":2},"end":{"line":128,"column":3}},"8":{"start":{"line":127,"column":4},"end":{"line":127,"column":31}},"9":{"start":{"line":129,"column":2},"end":{"line":129,"column":9}},"10":{"start":{"line":133,"column":0},"end":{"line":148,"column":2}},"11":{"start":{"line":134,"column":22},"end":{"line":134,"column":51}},"12":{"start":{"line":136,"column":2},"end":{"line":146,"column":3}},"13":{"start":{"line":137,"column":20},"end":{"line":141,"column":27}},"14":{"start":{"line":143,"column":4},"end":{"line":145,"column":5}},"15":{"start":{"line":144,"column":6},"end":{"line":144,"column":19}},"16":{"start":{"line":147,"column":2},"end":{"line":147,"column":14}},"17":{"start":{"line":151,"column":0},"end":{"line":176,"column":2}},"18":{"start":{"line":153,"column":19},"end":{"line":153,"column":45}},"19":{"start":{"line":154,"column":20},"end":{"line":154,"column":73}},"20":{"start":{"line":155,"column":2},"end":{"line":157,"column":3}},"21":{"start":{"line":156,"column":4},"end":{"line":156,"column":51}},"22":{"start":{"line":160,"column":31},"end":{"line":160,"column":69}},"23":{"start":{"line":161,"column":20},"end":{"line":161,"column":78}},"24":{"start":{"line":162,"column":2},"end":{"line":164,"column":3}},"25":{"start":{"line":163,"column":4},"end":{"line":163,"column":56}},"26":{"start":{"line":167,"column":27},"end":{"line":167,"column":61}},"27":{"start":{"line":168,"column":2},"end":{"line":173,"column":3}},"28":{"start":{"line":169,"column":18},"end":{"line":169,"column":63}},"29":{"start":{"line":170,"column":4},"end":{"line":172,"column":5}},"30":{"start":{"line":171,"column":6},"end":{"line":171,"column":69}},"31":{"start":{"line":175,"column":2},"end":{"line":175,"column":14}},"32":{"start":{"line":179,"column":0},"end":{"line":184,"column":2}},"33":{"start":{"line":180,"column":2},"end":{"line":183,"column":26}},"34":{"start":{"line":186,"column":13},"end":{"line":186,"column":47}},"35":{"start":{"line":188,"column":0},"end":{"line":188,"column":22}}},"fnMap":{"0":{"name":"(anonymous_0)","decl":{"start":{"line":117,"column":27},"end":{"line":117,"column":28}},"loc":{"start":{"line":117,"column":42},"end":{"line":122,"column":1}},"line":117},"1":{"name":"(anonymous_1)","decl":{"start":{"line":125,"column":23},"end":{"line":125,"column":24}},"loc":{"start":{"line":125,"column":38},"end":{"line":130,"column":1}},"line":125},"2":{"name":"(anonymous_2)","decl":{"start":{"line":133,"column":40},"end":{"line":133,"column":41}},"loc":{"start":{"line":133,"column":68},"end":{"line":148,"column":1}},"line":133},"3":{"name":"(anonymous_3)","decl":{"start":{"line":151,"column":30},"end":{"line":151,"column":31}},"loc":{"start":{"line":151,"column":47},"end":{"line":176,"column":1}},"line":151},"4":{"name":"(anonymous_4)","decl":{"start":{"line":179,"column":42},"end":{"line":179,"column":43}},"loc":{"start":{"line":179,"column":63},"end":{"line":184,"column":1}},"line":179}},"branchMap":{"0":{"loc":{"start":{"line":118,"column":2},"end":{"line":120,"column":3}},"type":"if","locations":[{"start":{"line":118,"column":2},"end":{"line":120,"column":3}},{"start":{},"end":{}}],"line":118},"1":{"loc":{"start":{"line":126,"column":2},"end":{"line":128,"column":3}},"type":"if","locations":[{"start":{"line":126,"column":2},"end":{"line":128,"column":3}},{"start":{},"end":{}}],"line":126},"2":{"loc":{"start":{"line":126,"column":6},"end":{"line":126,"column":38}},"type":"binary-expr","locations":[{"start":{"line":126,"column":6},"end":{"line":126,"column":23}},{"start":{"line":126,"column":27},"end":{"line":126,"column":38}}],"line":126},"3":{"loc":{"start":{"line":143,"column":4},"end":{"line":145,"column":5}},"type":"if","locations":[{"start":{"line":143,"column":4},"end":{"line":145,"column":5}},{"start":{},"end":{}}],"line":143},"4":{"loc":{"start":{"line":143,"column":8},"end":{"line":143,"column":55}},"type":"binary-expr","locations":[{"start":{"line":143,"column":8},"end":{"line":143,"column":16}},{"start":{"line":143,"column":20},"end":{"line":143,"column":55}}],"line":143},"5":{"loc":{"start":{"line":155,"column":2},"end":{"line":157,"column":3}},"type":"if","locations":[{"start":{"line":155,"column":2},"end":{"line":157,"column":3}},{"start":{},"end":{}}],"line":155},"6":{"loc":{"start":{"line":162,"column":2},"end":{"line":164,"column":3}},"type":"if","locations":[{"start":{"line":162,"column":2},"end":{"line":164,"column":3}},{"start":{},"end":{}}],"line":162},"7":{"loc":{"start":{"line":170,"column":4},"end":{"line":172,"column":5}},"type":"if","locations":[{"start":{"line":170,"column":4},"end":{"line":172,"column":5}},{"start":{},"end":{}}],"line":170}},"s":{"0":2,"1":2,"2":2,"3":0,"4":0,"5":0,"6":2,"7":0,"8":0,"9":0,"10":2,"11":0,"12":0,"13":0,"14":0,"15":0,"16":0,"17":2,"18":0,"19":0,"20":0,"21":0,"22":0,"23":0,"24":0,"25":0,"26":0,"27":0,"28":0,"29":0,"30":0,"31":0,"32":2,"33":0,"34":2,"35":2},"f":{"0":0,"1":0,"2":0,"3":0,"4":0},"b":{"0":[0,0],"1":[0,0],"2":[0,0],"3":[0,0],"4":[0,0],"5":[0,0],"6":[0,0],"7":[0,0]},"_coverageSchema":"1a1c01bbd47fc00a2c39e90264f33305004495a9","hash":"b65f132b6aa7fb35c9bf1055851a5ba8a009c759"}
,"C:\\Users\\DELL\\Zenaura\\server\\routes\\personality-trait.routes.js": {"path":"C:\\Users\\DELL\\Zenaura\\server\\routes\\personality-trait.routes.js","statementMap":{"0":{"start":{"line":1,"column":16},"end":{"line":1,"column":34}},"1":{"start":{"line":2,"column":24},"end":{"line":2,"column":52}},"2":{"start":{"line":3,"column":15},"end":{"line":3,"column":31}},"3":{"start":{"line":5,"column":35},"end":{"line":5,"column":89}},"4":{"start":{"line":6,"column":23},"end":{"line":6,"column":63}},"5":{"start":{"line":7,"column":29},"end":{"line":7,"column":75}},"6":{"start":{"line":10,"column":30},"end":{"line":41,"column":1}},"7":{"start":{"line":36,"column":6},"end":{"line":38,"column":7}},"8":{"start":{"line":37,"column":8},"end":{"line":37,"column":76}},"9":{"start":{"line":39,"column":6},"end":{"line":39,"column":18}},"10":{"start":{"line":43,"column":30},"end":{"line":46,"column":1}},"11":{"start":{"line":45,"column":45},"end":{"line":45,"column":66}},"12":{"start":{"line":48,"column":31},"end":{"line":55,"column":1}},"13":{"start":{"line":57,"column":35},"end":{"line":66,"column":1}},"14":{"start":{"line":62,"column":27},"end":{"line":62,"column":86}},"15":{"start":{"line":63,"column":6},"end":{"line":63,"column":68}},"16":{"start":{"line":63,"column":37},"end":{"line":63,"column":66}},"17":{"start":{"line":69,"column":0},"end":{"line":78,"column":4}},"18":{"start":{"line":80,"column":0},"end":{"line":101,"column":4}},"19":{"start":{"line":103,"column":0},"end":{"line":111,"column":2}},"20":{"start":{"line":113,"column":0},"end":{"line":122,"column":2}},"21":{"start":{"line":124,"column":0},"end":{"line":139,"column":4}},"22":{"start":{"line":141,"column":0},"end":{"line":156,"column":4}},"23":{"start":{"line":158,"column":0},"end":{"line":165,"column":2}},"24":{"start":{"line":167,"column":0},"end":{"line":167,"column":24}}},"fnMap":{"0":{"name":"(anonymous_0)","decl":{"start":{"line":35,"column":12},"end":{"line":35,"column":13}},"loc":{"start":{"line":35,"column":32},"end":{"line":40,"column":5}},"line":35},"1":{"name":"(anonymous_1)","decl":{"start":{"line":45,"column":31},"end":{"line":45,"column":32}},"loc":{"start":{"line":45,"column":45},"end":{"line":45,"column":66}},"line":45},"2":{"name":"(anonymous_2)","decl":{"start":{"line":61,"column":12},"end":{"line":61,"column":13}},"loc":{"start":{"line":61,"column":23},"end":{"line":64,"column":5}},"line":61},"3":{"name":"(anonymous_3)","decl":{"start":{"line":63,"column":27},"end":{"line":63,"column":28}},"loc":{"start":{"line":63,"column":37},"end":{"line":63,"column":66}},"line":63}},"branchMap":{"0":{"loc":{"start":{"line":36,"column":6},"end":{"line":38,"column":7}},"type":"if","locations":[{"start":{"line":36,"column":6},"end":{"line":38,"column":7}},{"start":{},"end":{}}],"line":36}},"s":{"0":3,"1":3,"2":3,"3":3,"4":3,"5":3,"6":3,"7":9,"8":0,"9":9,"10":3,"11":15,"12":3,"13":3,"14":0,"15":0,"16":0,"17":3,"18":3,"19":3,"20":3,"21":3,"22":3,"23":3,"24":3},"f":{"0":9,"1":15,"2":0,"3":0},"b":{"0":[0,9]},"_coverageSchema":"1a1c01bbd47fc00a2c39e90264f33305004495a9","hash":"990e64650366821180f268830b7945d8e3fa4e2d"}
}
