TN:
SF:Config\test.config.js
FNF:0
FNH:0
DA:1,2
LF:1
LH:1
BRF:0
BRH:0
end_of_record
TN:
SF:Models\personality-trait.model.js
FN:43,(anonymous_0)
FN:51,(anonymous_1)
FN:60,(anonymous_2)
FN:65,(anonymous_3)
FN:74,(anonymous_4)
FNF:5
FNH:3
FNDA:25,(anonymous_0)
FNDA:21,(anonymous_1)
FNDA:5,(anonymous_2)
FNDA:0,(anonymous_3)
FNDA:0,(anonymous_4)
DA:1,3
DA:3,3
DA:43,3
DA:44,25
DA:45,2
DA:47,25
DA:51,3
DA:52,21
DA:53,4
DA:55,21
DA:56,21
DA:60,3
DA:61,5
DA:65,3
DA:66,0
DA:67,0
DA:68,0
DA:70,0
DA:74,3
DA:75,0
DA:78,3
LF:21
LH:16
BRDA:44,0,0,2
BRDA:44,0,1,23
BRDA:52,1,0,4
BRDA:52,1,1,17
BRDA:52,2,0,21
BRDA:52,2,1,21
BRDA:61,3,0,5
BRDA:61,3,1,4
BRDA:66,4,0,0
BRDA:66,4,1,0
BRF:10
BRH:8
end_of_record
TN:
SF:Models\question.model.js
FN:23,(anonymous_0)
FN:29,(anonymous_1)
FN:140,(anonymous_2)
FN:144,(anonymous_3)
FN:159,(anonymous_4)
FNF:5
FNH:3
FNDA:21,(anonymous_0)
FNDA:21,(anonymous_1)
FNDA:0,(anonymous_2)
FNDA:0,(anonymous_3)
FNDA:7,(anonymous_4)
DA:1,1
DA:3,1
DA:24,21
DA:30,21
DA:134,1
DA:135,1
DA:136,1
DA:137,1
DA:140,1
DA:142,0
DA:144,0
DA:146,0
DA:148,0
DA:150,0
DA:154,0
DA:159,1
DA:160,7
DA:161,7
DA:163,7
DA:166,1
DA:168,1
LF:21
LH:15
BRDA:142,0,0,0
BRDA:142,0,1,0
BRDA:142,0,2,0
BRDA:142,0,3,0
BRDA:142,0,4,0
BRDA:146,1,0,0
BRDA:146,1,1,0
BRDA:150,2,0,0
BRDA:150,2,1,0
BRDA:150,2,2,0
BRDA:150,2,3,0
BRDA:150,2,4,0
BRDA:160,3,0,7
BRDA:160,3,1,0
BRF:14
BRH:1
end_of_record
TN:
SF:Models\test-category.model.js
FN:127,(anonymous_0)
FN:131,(anonymous_1)
FN:148,(anonymous_2)
FNF:3
FNH:1
FNDA:0,(anonymous_0)
FNDA:0,(anonymous_1)
FNDA:7,(anonymous_2)
DA:1,1
DA:3,1
DA:115,1
DA:116,1
DA:117,1
DA:120,1
DA:127,1
DA:128,0
DA:131,1
DA:132,0
DA:133,0
DA:135,0
DA:136,0
DA:137,0
DA:138,0
DA:140,0
DA:144,0
DA:148,1
DA:149,7
DA:150,7
DA:152,7
DA:155,1
DA:157,1
LF:23
LH:14
BRDA:128,0,0,0
BRDA:128,0,1,0
BRDA:137,1,0,0
BRDA:137,1,1,0
BRDA:149,2,0,7
BRDA:149,2,1,0
BRF:6
BRH:1
end_of_record
TN:
SF:Models\test-scoring-algorithm.model.js
FN:90,(anonymous_0)
FN:170,(anonymous_1)
FN:191,(anonymous_2)
FN:192,(anonymous_3)
FN:197,(anonymous_4)
FN:210,(anonymous_5)
FN:218,(anonymous_6)
FN:231,(anonymous_7)
FN:248,(anonymous_8)
FN:267,(anonymous_9)
FNF:10
FNH:1
FNDA:0,(anonymous_0)
FNDA:0,(anonymous_1)
FNDA:0,(anonymous_2)
FNDA:0,(anonymous_3)
FNDA:0,(anonymous_4)
FNDA:0,(anonymous_5)
FNDA:0,(anonymous_6)
FNDA:0,(anonymous_7)
FNDA:0,(anonymous_8)
FNDA:7,(anonymous_9)
DA:1,2
DA:3,2
DA:91,0
DA:170,2
DA:171,0
DA:173,0
DA:175,0
DA:176,0
DA:178,0
DA:179,0
DA:181,0
DA:182,0
DA:184,0
DA:185,0
DA:188,0
DA:191,2
DA:192,0
DA:193,0
DA:197,2
DA:198,0
DA:200,0
DA:202,0
DA:204,0
DA:206,0
DA:210,2
DA:211,0
DA:212,0
DA:213,0
DA:215,0
DA:218,2
DA:220,0
DA:221,0
DA:222,0
DA:226,0
DA:227,0
DA:228,0
DA:231,2
DA:232,0
DA:233,0
DA:234,0
DA:237,0
DA:239,0
DA:240,0
DA:242,0
DA:243,0
DA:248,2
DA:250,0
DA:251,0
DA:253,0
DA:254,0
DA:255,0
DA:256,0
DA:257,0
DA:258,0
DA:260,0
DA:261,0
DA:263,0
DA:267,2
DA:268,7
DA:269,7
DA:271,7
DA:275,2
DA:277,2
LF:63
LH:15
BRDA:173,0,0,0
BRDA:173,0,1,0
BRDA:173,0,2,0
BRDA:173,0,3,0
BRDA:193,1,0,0
BRDA:193,1,1,0
BRDA:198,2,0,0
BRDA:198,2,1,0
BRDA:198,2,2,0
BRDA:198,2,3,0
BRDA:212,3,0,0
BRDA:212,3,1,0
BRDA:212,4,0,0
BRDA:212,4,1,0
BRDA:221,5,0,0
BRDA:221,5,1,0
BRDA:221,6,0,0
BRDA:221,6,1,0
BRDA:233,7,0,0
BRDA:233,7,1,0
BRDA:250,8,0,0
BRDA:250,8,1,0
BRDA:268,9,0,7
BRDA:268,9,1,0
BRDA:275,10,0,2
BRDA:275,10,1,2
BRF:26
BRH:3
end_of_record
TN:
SF:Models\test.model.js
FN:166,(anonymous_0)
FN:174,(anonymous_1)
FN:182,(anonymous_2)
FN:200,(anonymous_3)
FN:228,(anonymous_4)
FNF:5
FNH:4
FNDA:8,(anonymous_0)
FNDA:6,(anonymous_1)
FNDA:0,(anonymous_2)
FNDA:1,(anonymous_3)
FNDA:1,(anonymous_4)
DA:1,1
DA:2,1
DA:4,1
DA:163,1
DA:166,1
DA:167,8
DA:168,0
DA:170,8
DA:174,1
DA:175,6
DA:176,6
DA:178,6
DA:182,1
DA:183,0
DA:185,0
DA:186,0
DA:192,0
DA:193,0
DA:196,0
DA:200,1
DA:202,1
DA:203,1
DA:204,1
DA:205,0
DA:209,1
DA:210,1
DA:211,1
DA:212,0
DA:216,1
DA:217,1
DA:218,0
DA:219,0
DA:220,0
DA:224,1
DA:228,1
DA:229,1
DA:235,1
DA:237,1
LF:38
LH:26
BRDA:167,0,0,0
BRDA:167,0,1,8
BRDA:175,1,0,6
BRDA:175,1,1,0
BRDA:192,2,0,0
BRDA:192,2,1,0
BRDA:192,3,0,0
BRDA:192,3,1,0
BRDA:204,4,0,0
BRDA:204,4,1,1
BRDA:211,5,0,0
BRDA:211,5,1,1
BRDA:219,6,0,0
BRDA:219,6,1,0
BRF:14
BRH:4
end_of_record
TN:
SF:tests\setup.js
FN:10,(anonymous_0)
FN:22,(anonymous_1)
FN:33,(anonymous_2)
FNF:3
FNH:3
FNDA:1,(anonymous_0)
FNDA:1,(anonymous_1)
FNDA:6,(anonymous_2)
DA:1,1
DA:2,1
DA:7,1
DA:10,1
DA:12,1
DA:13,1
DA:16,1
DA:17,1
DA:18,1
DA:22,1
DA:23,1
DA:24,0
DA:25,0
DA:27,1
DA:28,1
DA:33,1
DA:34,6
DA:35,6
DA:36,6
DA:37,6
DA:42,1
LF:21
LH:19
BRDA:12,0,0,1
BRDA:12,0,1,0
BRDA:23,1,0,0
BRDA:23,1,1,1
BRDA:27,2,0,1
BRDA:27,2,1,0
BRDA:34,3,0,6
BRDA:34,3,1,0
BRF:8
BRH:4
end_of_record
TN:
SF:tests\test-helpers.js
FN:5,(anonymous_0)
FNF:1
FNH:0
FNDA:0,(anonymous_0)
DA:1,2
DA:2,2
DA:3,2
DA:5,2
DA:6,0
DA:17,2
DA:36,2
DA:68,2
DA:96,2
DA:110,2
DA:122,2
LF:11
LH:10
BRDA:10,0,0,0
BRDA:10,0,1,0
BRDA:12,1,0,0
BRDA:12,1,1,0
BRF:4
BRH:0
end_of_record
