TN:
SF:app.js
FN:19,(anonymous_0)
FN:26,(anonymous_1)
FN:33,(anonymous_2)
FNF:3
FNH:3
FNDA:1,(anonymous_0)
FNDA:1,(anonymous_1)
FNDA:2,(anonymous_2)
DA:1,3
DA:2,3
DA:3,3
DA:4,3
DA:7,3
DA:10,3
DA:11,3
DA:12,3
DA:15,3
DA:16,3
DA:19,3
DA:20,1
DA:26,3
DA:27,1
DA:33,3
DA:34,2
DA:35,1
DA:37,1
DA:40,3
DA:41,3
DA:43,3
LF:21
LH:21
BRDA:34,0,0,1
BRDA:34,0,1,1
BRDA:34,1,0,2
BRDA:34,1,1,1
BRDA:34,1,2,1
BRF:5
BRH:5
end_of_record
TN:
SF:config\config.js
FNF:0
FNH:0
DA:1,3
DA:3,3
DA:33,3
LF:3
LH:3
BRDA:5,0,0,3
BRDA:5,0,1,0
BRDA:6,1,0,3
BRDA:6,1,1,0
BRDA:9,2,0,3
BRDA:9,2,1,0
BRDA:12,3,0,3
BRDA:12,3,1,0
BRDA:13,4,0,3
BRDA:13,4,1,0
BRDA:16,5,0,3
BRDA:16,5,1,0
BRDA:17,6,0,3
BRDA:17,6,1,0
BRDA:20,7,0,3
BRDA:20,7,1,0
BRDA:23,8,0,3
BRDA:23,8,1,0
BRDA:24,9,0,3
BRDA:24,9,1,0
BRDA:27,10,0,3
BRDA:27,10,1,0
BRDA:30,11,0,3
BRDA:30,11,1,0
BRF:24
BRH:12
end_of_record
TN:
SF:controllers\base.controller.js
FN:2,(anonymous_0)
FN:7,(anonymous_1)
FN:24,(anonymous_2)
FN:63,(anonymous_3)
FN:80,(anonymous_4)
FN:103,(anonymous_5)
FN:126,(anonymous_6)
FNF:7
FNH:5
FNDA:3,(anonymous_0)
FNDA:10,(anonymous_1)
FNDA:2,(anonymous_2)
FNDA:0,(anonymous_3)
FNDA:1,(anonymous_4)
FNDA:1,(anonymous_5)
FNDA:0,(anonymous_6)
DA:3,3
DA:7,3
DA:8,10
DA:9,10
DA:17,9
DA:19,1
DA:24,3
DA:25,2
DA:26,2
DA:27,2
DA:28,2
DA:31,2
DA:34,2
DA:35,1
DA:39,2
DA:48,2
DA:58,0
DA:63,3
DA:64,0
DA:65,0
DA:67,0
DA:68,0
DA:73,0
DA:75,0
DA:80,3
DA:81,1
DA:82,1
DA:84,1
DA:85,0
DA:91,1
DA:94,1
DA:96,1
DA:98,0
DA:103,3
DA:104,1
DA:105,1
DA:107,1
DA:108,0
DA:113,1
DA:114,1
DA:116,1
DA:121,0
DA:126,3
DA:127,0
DA:128,0
DA:130,0
DA:131,0
DA:136,0
DA:137,0
DA:139,0
DA:141,0
DA:146,3
LF:52
LH:33
BRDA:26,0,0,2
BRDA:26,0,1,2
BRDA:27,1,0,2
BRDA:27,1,1,2
BRDA:34,2,0,1
BRDA:34,2,1,1
BRDA:67,3,0,0
BRDA:67,3,1,0
BRDA:84,4,0,0
BRDA:84,4,1,1
BRDA:107,5,0,0
BRDA:107,5,1,1
BRDA:130,6,0,0
BRDA:130,6,1,0
BRF:14
BRH:8
end_of_record
TN:
SF:controllers\personality-trait.controller.js
FN:5,(anonymous_0)
FN:10,(anonymous_1)
FN:24,(anonymous_2)
FN:49,(anonymous_3)
FN:67,(anonymous_4)
FN:98,(anonymous_5)
FN:115,(anonymous_6)
FNF:7
FNH:3
FNDA:3,(anonymous_0)
FNDA:0,(anonymous_1)
FNDA:2,(anonymous_2)
FNDA:0,(anonymous_3)
FNDA:1,(anonymous_4)
FNDA:0,(anonymous_5)
FNDA:0,(anonymous_6)
DA:1,3
DA:2,3
DA:6,3
DA:10,3
DA:11,0
DA:12,0
DA:13,0
DA:15,0
DA:19,0
DA:24,3
DA:25,2
DA:26,2
DA:27,2
DA:29,2
DA:30,0
DA:35,2
DA:37,2
DA:44,0
DA:49,3
DA:50,0
DA:51,0
DA:54,0
DA:55,0
DA:60,0
DA:62,0
DA:67,3
DA:68,1
DA:69,1
DA:70,1
DA:72,1
DA:73,0
DA:79,1
DA:80,1
DA:81,1
DA:82,0
DA:88,1
DA:89,1
DA:91,1
DA:93,0
DA:98,3
DA:99,0
DA:100,0
DA:102,0
DA:103,0
DA:108,0
DA:110,0
DA:115,3
DA:116,0
DA:117,0
DA:118,0
DA:120,0
DA:121,0
DA:126,0
DA:127,0
DA:129,0
DA:131,0
DA:136,3
LF:57
LH:26
BRDA:29,0,0,0
BRDA:29,0,1,2
BRDA:54,1,0,0
BRDA:54,1,1,0
BRDA:72,2,0,0
BRDA:72,2,1,1
BRDA:81,3,0,0
BRDA:81,3,1,1
BRDA:102,4,0,0
BRDA:102,4,1,0
BRDA:120,5,0,0
BRDA:120,5,1,0
BRF:12
BRH:3
end_of_record
TN:
SF:middleware\auth.middleware.js
FN:5,(anonymous_0)
FN:39,(anonymous_1)
FN:57,(anonymous_2)
FN:75,(anonymous_3)
FNF:4
FNH:2
FNDA:21,(anonymous_0)
FNDA:16,(anonymous_1)
FNDA:0,(anonymous_2)
FNDA:0,(anonymous_3)
DA:1,3
DA:2,3
DA:4,3
DA:6,21
DA:8,21
DA:9,1
DA:16,20
DA:17,20
DA:18,13
DA:19,13
DA:21,7
DA:22,7
DA:23,7
DA:27,0
DA:28,0
DA:29,0
DA:30,0
DA:32,0
DA:40,16
DA:41,0
DA:47,16
DA:48,3
DA:54,13
DA:58,0
DA:59,0
DA:60,0
DA:65,0
DA:67,0
DA:76,0
DA:79,0
DA:81,0
DA:90,3
LF:32
LH:18
BRDA:8,0,0,1
BRDA:8,0,1,20
BRDA:16,1,0,20
BRDA:16,1,1,0
BRDA:17,2,0,13
BRDA:17,2,1,7
BRDA:21,3,0,7
BRDA:21,3,1,0
BRDA:40,4,0,0
BRDA:40,4,1,16
BRDA:47,5,0,3
BRDA:47,5,1,13
BRDA:59,6,0,0
BRDA:59,6,1,0
BRF:14
BRH:9
end_of_record
TN:
SF:middleware\validation.middleware.js
FN:4,(anonymous_0)
FN:14,(anonymous_1)
FN:28,(anonymous_2)
FNF:3
FNH:2
FNDA:15,(anonymous_0)
FNDA:1,(anonymous_1)
FNDA:0,(anonymous_2)
DA:1,3
DA:3,3
DA:5,15
DA:6,15
DA:7,0
DA:11,15
DA:15,1
DA:16,1
DA:20,0
DA:21,0
DA:25,0
DA:29,0
DA:31,0
DA:37,3
LF:14
LH:8
BRDA:6,0,0,0
BRDA:6,0,1,15
BRDA:15,1,0,1
BRDA:15,1,1,0
BRDA:20,2,0,0
BRDA:20,2,1,0
BRDA:31,3,0,0
BRDA:31,3,1,0
BRDA:32,4,0,0
BRDA:32,4,1,0
BRF:10
BRH:2
end_of_record
TN:
SF:models\personality-trait.model.js
FN:76,(anonymous_0)
FN:84,(anonymous_1)
FN:93,(anonymous_2)
FN:98,(anonymous_3)
FN:108,(anonymous_4)
FNF:5
FNH:4
FNDA:31,(anonymous_0)
FNDA:26,(anonymous_1)
FNDA:8,(anonymous_2)
FNDA:1,(anonymous_3)
FNDA:0,(anonymous_4)
DA:1,6
DA:3,6
DA:76,6
DA:77,31
DA:78,2
DA:80,31
DA:84,6
DA:85,26
DA:86,7
DA:88,26
DA:89,26
DA:93,6
DA:94,8
DA:98,6
DA:99,1
DA:100,1
DA:101,1
DA:102,1
DA:104,1
DA:108,6
DA:109,0
DA:112,6
DA:114,6
LF:23
LH:22
BRDA:77,0,0,2
BRDA:77,0,1,29
BRDA:85,1,0,7
BRDA:85,1,1,19
BRDA:85,2,0,26
BRDA:85,2,1,26
BRDA:94,3,0,8
BRDA:94,3,1,6
BRDA:100,4,0,1
BRDA:100,4,1,0
BRF:10
BRH:9
end_of_record
TN:
SF:models\question.model.js
FN:23,(anonymous_0)
FN:29,(anonymous_1)
FN:140,(anonymous_2)
FN:144,(anonymous_3)
FN:159,(anonymous_4)
FNF:5
FNH:0
FNDA:0,(anonymous_0)
FNDA:0,(anonymous_1)
FNDA:0,(anonymous_2)
FNDA:0,(anonymous_3)
FNDA:0,(anonymous_4)
DA:1,2
DA:3,2
DA:24,0
DA:30,0
DA:134,2
DA:135,2
DA:136,2
DA:137,2
DA:140,2
DA:142,0
DA:144,0
DA:146,0
DA:148,0
DA:150,0
DA:154,0
DA:159,2
DA:160,0
DA:161,0
DA:163,0
DA:166,2
DA:168,2
LF:21
LH:10
BRDA:142,0,0,0
BRDA:142,0,1,0
BRDA:142,0,2,0
BRDA:142,0,3,0
BRDA:142,0,4,0
BRDA:146,1,0,0
BRDA:146,1,1,0
BRDA:150,2,0,0
BRDA:150,2,1,0
BRDA:150,2,2,0
BRDA:150,2,3,0
BRDA:150,2,4,0
BRDA:160,3,0,0
BRDA:160,3,1,0
BRF:14
BRH:0
end_of_record
TN:
SF:models\test-category.model.js
FN:127,(anonymous_0)
FN:131,(anonymous_1)
FN:148,(anonymous_2)
FNF:3
FNH:0
FNDA:0,(anonymous_0)
FNDA:0,(anonymous_1)
FNDA:0,(anonymous_2)
DA:1,2
DA:3,2
DA:115,2
DA:116,2
DA:117,2
DA:120,2
DA:127,2
DA:128,0
DA:131,2
DA:132,0
DA:133,0
DA:135,0
DA:136,0
DA:137,0
DA:138,0
DA:140,0
DA:144,0
DA:148,2
DA:149,0
DA:150,0
DA:152,0
DA:155,2
DA:157,2
LF:23
LH:11
BRDA:128,0,0,0
BRDA:128,0,1,0
BRDA:137,1,0,0
BRDA:137,1,1,0
BRDA:149,2,0,0
BRDA:149,2,1,0
BRF:6
BRH:0
end_of_record
TN:
SF:models\test-scoring-algorithm.model.js
FN:90,(anonymous_0)
FN:171,(anonymous_1)
FN:192,(anonymous_2)
FN:193,(anonymous_3)
FN:198,(anonymous_4)
FN:212,(anonymous_5)
FNF:6
FNH:0
FNDA:0,(anonymous_0)
FNDA:0,(anonymous_1)
FNDA:0,(anonymous_2)
FNDA:0,(anonymous_3)
FNDA:0,(anonymous_4)
FNDA:0,(anonymous_5)
DA:1,2
DA:3,2
DA:91,0
DA:166,2
DA:167,2
DA:168,2
DA:171,2
DA:172,0
DA:174,0
DA:176,0
DA:177,0
DA:179,0
DA:180,0
DA:182,0
DA:183,0
DA:185,0
DA:186,0
DA:189,0
DA:192,2
DA:193,0
DA:194,0
DA:198,2
DA:199,0
DA:201,0
DA:203,0
DA:205,0
DA:207,0
DA:212,2
DA:213,0
DA:214,0
DA:216,0
DA:219,2
DA:221,2
LF:33
LH:11
BRDA:174,0,0,0
BRDA:174,0,1,0
BRDA:174,0,2,0
BRDA:174,0,3,0
BRDA:194,1,0,0
BRDA:194,1,1,0
BRDA:199,2,0,0
BRDA:199,2,1,0
BRDA:199,2,2,0
BRDA:199,2,3,0
BRDA:213,3,0,0
BRDA:213,3,1,0
BRF:12
BRH:0
end_of_record
TN:
SF:models\test-session.model.js
FN:145,(anonymous_0)
FN:152,(anonymous_1)
FN:158,(anonymous_2)
FN:172,(anonymous_3)
FN:176,(anonymous_4)
FN:177,(anonymous_5)
FNF:6
FNH:0
FNDA:0,(anonymous_0)
FNDA:0,(anonymous_1)
FNDA:0,(anonymous_2)
FNDA:0,(anonymous_3)
FNDA:0,(anonymous_4)
FNDA:0,(anonymous_5)
DA:1,1
DA:3,1
DA:140,1
DA:141,1
DA:142,1
DA:145,1
DA:146,0
DA:147,0
DA:149,0
DA:152,1
DA:153,0
DA:154,0
DA:155,0
DA:158,1
DA:161,0
DA:165,0
DA:172,1
DA:173,0
DA:175,0
DA:176,0
DA:177,0
DA:179,0
DA:180,0
DA:183,0
DA:186,0
DA:187,0
DA:188,0
DA:191,0
DA:194,1
DA:196,1
LF:30
LH:11
BRDA:146,0,0,0
BRDA:146,0,1,0
BRDA:146,1,0,0
BRDA:146,1,1,0
BRDA:153,2,0,0
BRDA:153,2,1,0
BRDA:153,3,0,0
BRDA:153,3,1,0
BRDA:161,4,0,0
BRDA:161,4,1,0
BRDA:161,4,2,0
BRDA:167,5,0,0
BRDA:167,5,1,0
BRDA:173,6,0,0
BRDA:173,6,1,0
BRDA:186,7,0,0
BRDA:186,7,1,0
BRDA:186,8,0,0
BRDA:186,8,1,0
BRF:19
BRH:0
end_of_record
TN:
SF:models\test.model.js
FN:117,(anonymous_0)
FN:125,(anonymous_1)
FN:133,(anonymous_2)
FN:151,(anonymous_3)
FN:179,(anonymous_4)
FNF:5
FNH:0
FNDA:0,(anonymous_0)
FNDA:0,(anonymous_1)
FNDA:0,(anonymous_2)
FNDA:0,(anonymous_3)
FNDA:0,(anonymous_4)
DA:1,2
DA:3,2
DA:117,2
DA:118,0
DA:119,0
DA:121,0
DA:125,2
DA:126,0
DA:127,0
DA:129,0
DA:133,2
DA:134,0
DA:136,0
DA:137,0
DA:143,0
DA:144,0
DA:147,0
DA:151,2
DA:153,0
DA:154,0
DA:155,0
DA:156,0
DA:160,0
DA:161,0
DA:162,0
DA:163,0
DA:167,0
DA:168,0
DA:169,0
DA:170,0
DA:171,0
DA:175,0
DA:179,2
DA:180,0
DA:186,2
DA:188,2
LF:36
LH:9
BRDA:118,0,0,0
BRDA:118,0,1,0
BRDA:126,1,0,0
BRDA:126,1,1,0
BRDA:126,2,0,0
BRDA:126,2,1,0
BRDA:143,3,0,0
BRDA:143,3,1,0
BRDA:143,4,0,0
BRDA:143,4,1,0
BRDA:155,5,0,0
BRDA:155,5,1,0
BRDA:162,6,0,0
BRDA:162,6,1,0
BRDA:170,7,0,0
BRDA:170,7,1,0
BRF:16
BRH:0
end_of_record
TN:
SF:routes\personality-trait.routes.js
FN:35,(anonymous_0)
FN:45,(anonymous_1)
FN:61,(anonymous_2)
FN:63,(anonymous_3)
FNF:4
FNH:2
FNDA:9,(anonymous_0)
FNDA:15,(anonymous_1)
FNDA:0,(anonymous_2)
FNDA:0,(anonymous_3)
DA:1,3
DA:2,3
DA:3,3
DA:5,3
DA:6,3
DA:7,3
DA:10,3
DA:36,9
DA:37,0
DA:39,9
DA:43,3
DA:45,15
DA:48,3
DA:57,3
DA:62,0
DA:63,0
DA:69,3
DA:80,3
DA:103,3
DA:113,3
DA:124,3
DA:141,3
DA:158,3
DA:167,3
LF:24
LH:21
BRDA:36,0,0,0
BRDA:36,0,1,9
BRF:2
BRH:1
end_of_record
